#
# A fatal error has been detected by the Java Runtime Environment:
#
#  SIGSEGV (0xb) at pc=0x00007f78dfb69fb0, pid=3314653, tid=3314654
#
# JRE version: OpenJDK Runtime Environment (11.0.19+7) (build 11.0.19+7-post-Ubuntu-0ubuntu122.04.1)
# Java VM: OpenJDK 64-Bit Server VM (11.0.19+7-post-Ubuntu-0ubuntu122.04.1, mixed mode, sharing, tiered, compressed oops, g1 gc, linux-amd64)
# Problematic frame:
# C  [libonnxruntime.so+0xb69fb0]
#
# Core dump will be written. Default location: Core dumps may be processed with "/usr/share/apport/apport -p%p -s%s -c%c -d%d -P%P -u%u -g%g -- %E" (or dumping to /home/vinoth/IdeaProjects/prediction_by_java/core.3314653)
#
# If you would like to submit a bug report, please visit:
#   https://bugs.launchpad.net/ubuntu/+source/openjdk-lts
# The crash happened outside the Java Virtual Machine in native code.
# See problematic frame for where to report the bug.
#

---------------  S U M M A R Y ------------

Command Line: -javaagent:/home/vinoth/.local/share/JetBrains/Toolbox/apps/IDEA-U/ch-0/223.8836.41/lib/idea_rt.jar=39167:/home/vinoth/.local/share/JetBrains/Toolbox/apps/IDEA-U/ch-0/223.8836.41/bin -Dfile.encoding=UTF-8 io.ballerina.MaskedTokenPrediction

Host: Intel(R) Core(TM) i5-10210U CPU @ 1.60GHz, 8 cores, 15G, Ubuntu 22.04.2 LTS
Time: Wed Jun 21 13:02:24 2023 +0530 elapsed time: 3.853834 seconds (0d 0h 0m 3s)

---------------  T H R E A D  ---------------

Current thread (0x00007f7954016800):  JavaThread "main" [_thread_in_native, id=3314654, stack(0x00007f7959b00000,0x00007f7959c00000)]

Stack: [0x00007f7959b00000,0x00007f7959c00000],  sp=0x00007f7959bfe020,  free space=1016k
Native frames: (J=compiled Java code, A=aot compiled Java code, j=interpreted, Vv=VM code, C=native code)
C  [libonnxruntime.so+0xb69fb0]

Java frames: (J=compiled Java code, j=interpreted, Vv=VM code)
j  ai.onnxruntime.OrtSession.createSession(JJLjava/lang/String;J)J+0
j  ai.onnxruntime.OrtSession.<init>(Lai/onnxruntime/OrtEnvironment;Ljava/lang/String;Lai/onnxruntime/OrtAllocator;Lai/onnxruntime/OrtSession$SessionOptions;)V+14
j  ai.onnxruntime.OrtEnvironment.createSession(Ljava/lang/String;Lai/onnxruntime/OrtAllocator;Lai/onnxruntime/OrtSession$SessionOptions;)Lai/onnxruntime/OrtSession;+15
j  ai.onnxruntime.OrtEnvironment.createSession(Ljava/lang/String;Lai/onnxruntime/OrtSession$SessionOptions;)Lai/onnxruntime/OrtSession;+7
j  ai.onnxruntime.OrtEnvironment.createSession(Ljava/lang/String;)Lai/onnxruntime/OrtSession;+9
j  io.ballerina.MaskedTokenPrediction.main([Ljava/lang/String;)V+220
v  ~StubRoutines::call_stub

siginfo: si_signo: 11 (SIGSEGV), si_code: 1 (SEGV_MAPERR), si_addr: 0x0000000000000000

Register to memory mapping:

RAX=0x176aae3317d09402 is an unknown value
RBX=0x00007f78dfff3ce8: <offset 0x0000000000ff3ce8> in /tmp/onnxruntime-java9264866767605049769/libonnxruntime.so at 0x00007f78df000000
RCX=0x00007f7959bfe240 is pointing into the stack for thread: 0x00007f7954016800
RDX=0x00007f79551e4878 points into unknown readable memory: 0x00007f7959a29618 | 18 96 a2 59 79 7f 00 00
RSP=0x00007f7959bfe020 is pointing into the stack for thread: 0x00007f7954016800
RBP=0x0 is NULL
RSI=0x00007f7959bfe020 is pointing into the stack for thread: 0x00007f7954016800
RDI=0x0 is NULL
R8 =0x0 is NULL
R9 =0x0 is NULL
R10=0x0 is NULL
R11=0x0 is NULL
R12=0x00007f79551e4878 points into unknown readable memory: 0x00007f7959a29618 | 18 96 a2 59 79 7f 00 00
R13=0x00007f7959bfe240 is pointing into the stack for thread: 0x00007f7954016800
R14=0x00007f78dfff3ce0: <offset 0x0000000000ff3ce0> in /tmp/onnxruntime-java9264866767605049769/libonnxruntime.so at 0x00007f78df000000
R15=0x00007f7959bfe470 is pointing into the stack for thread: 0x00007f7954016800


Registers:
RAX=0x176aae3317d09402, RBX=0x00007f78dfff3ce8, RCX=0x00007f7959bfe240, RDX=0x00007f79551e4878
RSP=0x00007f7959bfe020, RBP=0x0000000000000000, RSI=0x00007f7959bfe020, RDI=0x0000000000000000
R8 =0x0000000000000000, R9 =0x0000000000000000, R10=0x0000000000000000, R11=0x0000000000000000
R12=0x00007f79551e4878, R13=0x00007f7959bfe240, R14=0x00007f78dfff3ce0, R15=0x00007f7959bfe470
RIP=0x00007f78dfb69fb0, EFLAGS=0x0000000000010202, CSGSFS=0x002b000000000033, ERR=0x0000000000000004
  TRAPNO=0x000000000000000e

Top of Stack: (sp=0x00007f7959bfe020)
0x00007f7959bfe020:   176aae3317d09402 0073c33eb0da1d00
0x00007f7959bfe030:   00007f7959bfe240 00007f7959a1e818
0x00007f7959bfe040:   00007f7959bfe1d0 0000000000000002
0x00007f7959bfe050:   00007f7959bfe190 00007f78dfb69680 

Instructions: (pc=0x00007f78dfb69fb0)
0x00007f78dfb69eb0:   e9 e7 fd ff ff 48 8d 3d 90 53 1a 00 e8 0f 45 50
0x00007f78dfb69ec0:   ff 48 8d 3d 84 53 1a 00 e8 03 45 50 ff f3 0f 1e
0x00007f78dfb69ed0:   fa 48 89 c3 e9 cb a1 61 ff f3 0f 1e fa 48 89 c5
0x00007f78dfb69ee0:   e9 cf a1 61 ff 66 2e 0f 1f 84 00 00 00 00 00 90
0x00007f78dfb69ef0:   f3 0f 1e fa 41 54 49 89 fc 48 83 ec 10 8b 4e 08
0x00007f78dfb69f00:   44 8b 4e 10 64 48 8b 04 25 28 00 00 00 48 89 44
0x00007f78dfb69f10:   24 08 31 c0 44 0f b6 46 0c e8 f2 fb ff ff 48 8b
0x00007f78dfb69f20:   44 24 08 64 48 2b 04 25 28 00 00 00 75 0a 48 83
0x00007f78dfb69f30:   c4 10 4c 89 e0 41 5c c3 e8 d3 49 50 ff 0f 1f 00
0x00007f78dfb69f40:   f3 0f 1e fa 41 56 41 55 49 89 d5 41 54 49 89 f4
0x00007f78dfb69f50:   55 53 48 83 ec 10 4c 8d 35 83 9d 48 00 48 8b 2f
0x00007f78dfb69f60:   64 48 8b 04 25 28 00 00 00 48 89 44 24 08 31 c0
0x00007f78dfb69f70:   41 0f b6 06 84 c0 74 60 48 8d 1d 69 9d 48 00 e8
0x00007f78dfb69f80:   ec 40 50 ff 48 8b 0b 48 89 e6 48 89 ef 48 ba 00
0x00007f78dfb69f90:   58 47 f8 0d 00 00 00 48 0f af 51 10 48 2b 01 48
0x00007f78dfb69fa0:   03 41 08 4c 89 e9 48 01 d0 4c 89 e2 48 89 04 24
0x00007f78dfb69fb0:   48 8b 45 00 ff 50 18 48 8b 44 24 08 64 48 2b 04
0x00007f78dfb69fc0:   25 28 00 00 00 75 36 48 83 c4 10 5b 5d 41 5c 41
0x00007f78dfb69fd0:   5d 41 5e c3 0f 1f 40 00 4c 89 f7 e8 a0 4e 50 ff
0x00007f78dfb69fe0:   85 c0 74 94 e8 d7 f8 ff ff 48 8d 1d f8 9c 48 00
0x00007f78dfb69ff0:   4c 89 f7 48 89 03 e8 e5 44 50 ff eb 82 e8 0e 49
0x00007f78dfb6a000:   50 ff 66 2e 0f 1f 84 00 00 00 00 00 0f 1f 40 00
0x00007f78dfb6a010:   f3 0f 1e fa 48 8b 3f 48 8b 07 48 8b 00 48 3b 05
0x00007f78dfb6a020:   1c 3c 48 00 75 0a c3 66 0f 1f 84 00 00 00 00 00
0x00007f78dfb6a030:   ff e0 66 2e 0f 1f 84 00 00 00 00 00 0f 1f 40 00
0x00007f78dfb6a040:   f3 0f 1e fa 48 83 ec 08 bf ba 00 00 00 31 c0 e8
0x00007f78dfb6a050:   3c 40 50 ff 48 83 c4 08 c3 0f 1f 80 00 00 00 00
0x00007f78dfb6a060:   f3 0f 1e fa 48 83 ec 08 bf 27 00 00 00 31 c0 e8
0x00007f78dfb6a070:   1c 40 50 ff 48 83 c4 08 c3 0f 1f 80 00 00 00 00
0x00007f78dfb6a080:   f3 0f 1e fa 41 56 41 55 41 54 55 53 48 83 ec 70
0x00007f78dfb6a090:   48 8d 1d 21 9c 48 00 64 48 8b 04 25 28 00 00 00
0x00007f78dfb6a0a0:   48 89 44 24 68 31 c0 48 83 3b 00 0f 85 19 a0 61 


Stack slot to memory mapping:
stack at sp + 0 slots: 0x176aae3317d09402 is an unknown value
stack at sp + 1 slots: 0x0073c33eb0da1d00 is an unknown value
stack at sp + 2 slots: 0x00007f7959bfe240 is pointing into the stack for thread: 0x00007f7954016800
stack at sp + 3 slots: 0x00007f7959a1e818: _ZTVSt19basic_ostringstreamIcSt11char_traitsIcESaIcEE+0x0000000000000000 in /lib/x86_64-linux-gnu/libstdc++.so.6 at 0x00007f7959800000
stack at sp + 4 slots: 0x00007f7959bfe1d0 is pointing into the stack for thread: 0x00007f7954016800
stack at sp + 5 slots: 0x0000000000000002 is an unknown value
stack at sp + 6 slots: 0x00007f7959bfe190 is pointing into the stack for thread: 0x00007f7954016800
stack at sp + 7 slots: 0x00007f78dfb69680: <offset 0x0000000000b69680> in /tmp/onnxruntime-java9264866767605049769/libonnxruntime.so at 0x00007f78df000000


---------------  P R O C E S S  ---------------

Threads class SMR info:
_java_thread_list=0x00007f78a0000b70, length=13, elements={
0x00007f7954016800, 0x00007f795422e800, 0x00007f7954230800, 0x00007f7954236000,
0x00007f7954238000, 0x00007f795423a000, 0x00007f795423c000, 0x00007f795423e000,
0x00007f795427c800, 0x00007f795434f800, 0x00007f7908001000, 0x00007f795440d800,
0x00007f7908003000
}

Java Threads: ( => current thread )
=>0x00007f7954016800 JavaThread "main" [_thread_in_native, id=3314654, stack(0x00007f7959b00000,0x00007f7959c00000)]
  0x00007f795422e800 JavaThread "Reference Handler" daemon [_thread_blocked, id=3314663, stack(0x00007f792cbb6000,0x00007f792ccb6000)]
  0x00007f7954230800 JavaThread "Finalizer" daemon [_thread_blocked, id=3314664, stack(0x00007f792cab6000,0x00007f792cbb6000)]
  0x00007f7954236000 JavaThread "Signal Dispatcher" daemon [_thread_blocked, id=3314665, stack(0x00007f792c9b6000,0x00007f792cab6000)]
  0x00007f7954238000 JavaThread "Service Thread" daemon [_thread_blocked, id=3314666, stack(0x00007f792c8b6000,0x00007f792c9b6000)]
  0x00007f795423a000 JavaThread "C2 CompilerThread0" daemon [_thread_blocked, id=3314667, stack(0x00007f792c7b6000,0x00007f792c8b6000)]
  0x00007f795423c000 JavaThread "C1 CompilerThread0" daemon [_thread_blocked, id=3314668, stack(0x00007f792c6b6000,0x00007f792c7b6000)]
  0x00007f795423e000 JavaThread "Sweeper thread" daemon [_thread_blocked, id=3314669, stack(0x00007f792c5b6000,0x00007f792c6b6000)]
  0x00007f795427c800 JavaThread "Common-Cleaner" daemon [_thread_blocked, id=3314670, stack(0x00007f792c4b6000,0x00007f792c5b6000)]
  0x00007f795434f800 JavaThread "Monitor Ctrl-Break" daemon [_thread_in_native, id=3314671, stack(0x00007f792c3b6000,0x00007f792c4b6000)]
  0x00007f7908001000 JavaThread "Attach Listener" daemon [_thread_blocked, id=3314682, stack(0x00007f792c1b4000,0x00007f792c2b4000)]
  0x00007f795440d800 JavaThread "process reaper" daemon [_thread_blocked, id=3314721, stack(0x00007f7953edd000,0x00007f7953eff000)]
  0x00007f7908003000 JavaThread "SIGINT handler" daemon [_thread_blocked, id=3314734, stack(0x00007f792c0b4000,0x00007f792c1b4000)]

Other Threads:
  0x00007f795422b800 VMThread "VM Thread" [stack: 0x00007f792ccb8000,0x00007f792cdb8000] [id=3314662] _threads_hazard_ptr=0x00007f78a0000b70
  0x00007f7954030000 GCTaskThread "GC Thread#0" [stack: 0x00007f795952a000,0x00007f795962a000] [id=3314655]
  0x00007f795408c000 ConcurrentGCThread "G1 Main Marker" [stack: 0x00007f7958394000,0x00007f7958494000] [id=3314656]
  0x00007f795408d800 ConcurrentGCThread "G1 Conc#0" [stack: 0x00007f7958292000,0x00007f7958392000] [id=3314657]
  0x00007f7954187800 ConcurrentGCThread "G1 Refine#0" [stack: 0x00007f792d6bc000,0x00007f792d7bc000] [id=3314658]
  0x00007f7954189000 ConcurrentGCThread "G1 Young RemSet Sampling" [stack: 0x00007f792d5ba000,0x00007f792d6ba000] [id=3314660]

Threads with active compile tasks:

VM state:at safepoint (normal execution)

VM Mutex/Monitor currently owned by a thread:  ([mutex/lock_event])
[0x00007f7954014600] Threads_lock - owner thread: 0x00007f795422b800

Heap address: 0x000000070dc00000, size: 3876 MB, Compressed Oops mode: Zero based, Oop shift amount: 3
Narrow klass base: 0x0000000800000000, Narrow klass shift: 3
Compressed class space size: 1073741824 Address: 0x0000000840000000

Heap:
 garbage-first heap   total 251904K, used 32456K [0x000000070dc00000, 0x0000000800000000)
  region size 1024K, 11 young (11264K), 0 survivors (0K)
 Metaspace       used 3402K, capacity 5290K, committed 5376K, reserved 1056768K
  class space    used 324K, capacity 510K, committed 512K, reserved 1048576K
Heap Regions: E=young(eden), S=young(survivor), O=old, HS=humongous(starts), HC=humongous(continues), CS=collection set, F=free, A=archive, TAMS=top-at-mark-start (previous, next)
|   0|0x000000070dc00000, 0x000000070dd00000, 0x000000070dd00000|100%|HS|  |TAMS 0x000000070dc00000, 0x000000070dc00000| Complete 
|   1|0x000000070dd00000, 0x000000070de00000, 0x000000070de00000|100%|HS|  |TAMS 0x000000070dd00000, 0x000000070dd00000| Complete 
|   2|0x000000070de00000, 0x000000070df00000, 0x000000070df00000|100%|HC|  |TAMS 0x000000070de00000, 0x000000070de00000| Complete 
|   3|0x000000070df00000, 0x000000070e000000, 0x000000070e000000|100%|HS|  |TAMS 0x000000070df00000, 0x000000070df00000| Complete 
|   4|0x000000070e000000, 0x000000070e100000, 0x000000070e100000|100%|HC|  |TAMS 0x000000070e000000, 0x000000070e000000| Complete 
|   5|0x000000070e100000, 0x000000070e200000, 0x000000070e200000|100%|HC|  |TAMS 0x000000070e100000, 0x000000070e100000| Complete 
|   6|0x000000070e200000, 0x000000070e300000, 0x000000070e300000|100%|HS|  |TAMS 0x000000070e200000, 0x000000070e200000| Complete 
|   7|0x000000070e300000, 0x000000070e400000, 0x000000070e400000|100%|HC|  |TAMS 0x000000070e300000, 0x000000070e300000| Complete 
|   8|0x000000070e400000, 0x000000070e500000, 0x000000070e500000|100%|HC|  |TAMS 0x000000070e400000, 0x000000070e400000| Complete 
|   9|0x000000070e500000, 0x000000070e600000, 0x000000070e600000|100%|HS|  |TAMS 0x000000070e500000, 0x000000070e500000| Complete 
|  10|0x000000070e600000, 0x000000070e700000, 0x000000070e700000|100%|HC|  |TAMS 0x000000070e600000, 0x000000070e600000| Complete 
|  11|0x000000070e700000, 0x000000070e800000, 0x000000070e800000|100%|HC|  |TAMS 0x000000070e700000, 0x000000070e700000| Complete 
|  12|0x000000070e800000, 0x000000070e900000, 0x000000070e900000|100%|HS|  |TAMS 0x000000070e800000, 0x000000070e800000| Complete 
|  13|0x000000070e900000, 0x000000070ea00000, 0x000000070ea00000|100%|HC|  |TAMS 0x000000070e900000, 0x000000070e900000| Complete 
|  14|0x000000070ea00000, 0x000000070eb00000, 0x000000070eb00000|100%|HC|  |TAMS 0x000000070ea00000, 0x000000070ea00000| Complete 
|  15|0x000000070eb00000, 0x000000070ec00000, 0x000000070ec00000|100%|HC|  |TAMS 0x000000070eb00000, 0x000000070eb00000| Complete 
|  16|0x000000070ec00000, 0x000000070ed00000, 0x000000070ed00000|100%|HC|  |TAMS 0x000000070ec00000, 0x000000070ec00000| Complete 
|  17|0x000000070ed00000, 0x000000070ee00000, 0x000000070ee00000|100%|HS|  |TAMS 0x000000070ed00000, 0x000000070ed00000| Complete 
|  18|0x000000070ee00000, 0x000000070ef00000, 0x000000070ef00000|100%|HC|  |TAMS 0x000000070ee00000, 0x000000070ee00000| Complete 
|  19|0x000000070ef00000, 0x000000070f000000, 0x000000070f000000|100%|HC|  |TAMS 0x000000070ef00000, 0x000000070ef00000| Complete 
|  20|0x000000070f000000, 0x000000070f100000, 0x000000070f100000|100%|HC|  |TAMS 0x000000070f000000, 0x000000070f000000| Complete 
|  21|0x000000070f100000, 0x000000070f200000, 0x000000070f200000|100%|HC|  |TAMS 0x000000070f100000, 0x000000070f100000| Complete 
|  22|0x000000070f200000, 0x000000070f200000, 0x000000070f300000|  0%| F|  |TAMS 0x000000070f200000, 0x000000070f200000| Untracked 
|  23|0x000000070f300000, 0x000000070f300000, 0x000000070f400000|  0%| F|  |TAMS 0x000000070f300000, 0x000000070f300000| Untracked 
|  24|0x000000070f400000, 0x000000070f400000, 0x000000070f500000|  0%| F|  |TAMS 0x000000070f400000, 0x000000070f400000| Untracked 
|  25|0x000000070f500000, 0x000000070f500000, 0x000000070f600000|  0%| F|  |TAMS 0x000000070f500000, 0x000000070f500000| Untracked 
|  26|0x000000070f600000, 0x000000070f600000, 0x000000070f700000|  0%| F|  |TAMS 0x000000070f600000, 0x000000070f600000| Untracked 
|  27|0x000000070f700000, 0x000000070f700000, 0x000000070f800000|  0%| F|  |TAMS 0x000000070f700000, 0x000000070f700000| Untracked 
|  28|0x000000070f800000, 0x000000070f800000, 0x000000070f900000|  0%| F|  |TAMS 0x000000070f800000, 0x000000070f800000| Untracked 
|  29|0x000000070f900000, 0x000000070f900000, 0x000000070fa00000|  0%| F|  |TAMS 0x000000070f900000, 0x000000070f900000| Untracked 
|  30|0x000000070fa00000, 0x000000070fa00000, 0x000000070fb00000|  0%| F|  |TAMS 0x000000070fa00000, 0x000000070fa00000| Untracked 
|  31|0x000000070fb00000, 0x000000070fb00000, 0x000000070fc00000|  0%| F|  |TAMS 0x000000070fb00000, 0x000000070fb00000| Untracked 
|  32|0x000000070fc00000, 0x000000070fc00000, 0x000000070fd00000|  0%| F|  |TAMS 0x000000070fc00000, 0x000000070fc00000| Untracked 
|  33|0x000000070fd00000, 0x000000070fd00000, 0x000000070fe00000|  0%| F|  |TAMS 0x000000070fd00000, 0x000000070fd00000| Untracked 
|  34|0x000000070fe00000, 0x000000070fe00000, 0x000000070ff00000|  0%| F|  |TAMS 0x000000070fe00000, 0x000000070fe00000| Untracked 
|  35|0x000000070ff00000, 0x000000070ff00000, 0x0000000710000000|  0%| F|  |TAMS 0x000000070ff00000, 0x000000070ff00000| Untracked 
|  36|0x0000000710000000, 0x0000000710000000, 0x0000000710100000|  0%| F|  |TAMS 0x0000000710000000, 0x0000000710000000| Untracked 
|  37|0x0000000710100000, 0x0000000710100000, 0x0000000710200000|  0%| F|  |TAMS 0x0000000710100000, 0x0000000710100000| Untracked 
|  38|0x0000000710200000, 0x0000000710200000, 0x0000000710300000|  0%| F|  |TAMS 0x0000000710200000, 0x0000000710200000| Untracked 
|  39|0x0000000710300000, 0x0000000710300000, 0x0000000710400000|  0%| F|  |TAMS 0x0000000710300000, 0x0000000710300000| Untracked 
|  40|0x0000000710400000, 0x0000000710400000, 0x0000000710500000|  0%| F|  |TAMS 0x0000000710400000, 0x0000000710400000| Untracked 
|  41|0x0000000710500000, 0x0000000710500000, 0x0000000710600000|  0%| F|  |TAMS 0x0000000710500000, 0x0000000710500000| Untracked 
|  42|0x0000000710600000, 0x0000000710600000, 0x0000000710700000|  0%| F|  |TAMS 0x0000000710600000, 0x0000000710600000| Untracked 
|  43|0x0000000710700000, 0x0000000710700000, 0x0000000710800000|  0%| F|  |TAMS 0x0000000710700000, 0x0000000710700000| Untracked 
|  44|0x0000000710800000, 0x0000000710800000, 0x0000000710900000|  0%| F|  |TAMS 0x0000000710800000, 0x0000000710800000| Untracked 
|  45|0x0000000710900000, 0x0000000710900000, 0x0000000710a00000|  0%| F|  |TAMS 0x0000000710900000, 0x0000000710900000| Untracked 
|  46|0x0000000710a00000, 0x0000000710a00000, 0x0000000710b00000|  0%| F|  |TAMS 0x0000000710a00000, 0x0000000710a00000| Untracked 
|  47|0x0000000710b00000, 0x0000000710b00000, 0x0000000710c00000|  0%| F|  |TAMS 0x0000000710b00000, 0x0000000710b00000| Untracked 
|  48|0x0000000710c00000, 0x0000000710c00000, 0x0000000710d00000|  0%| F|  |TAMS 0x0000000710c00000, 0x0000000710c00000| Untracked 
|  49|0x0000000710d00000, 0x0000000710d00000, 0x0000000710e00000|  0%| F|  |TAMS 0x0000000710d00000, 0x0000000710d00000| Untracked 
|  50|0x0000000710e00000, 0x0000000710e00000, 0x0000000710f00000|  0%| F|  |TAMS 0x0000000710e00000, 0x0000000710e00000| Untracked 
|  51|0x0000000710f00000, 0x0000000710f00000, 0x0000000711000000|  0%| F|  |TAMS 0x0000000710f00000, 0x0000000710f00000| Untracked 
|  52|0x0000000711000000, 0x0000000711000000, 0x0000000711100000|  0%| F|  |TAMS 0x0000000711000000, 0x0000000711000000| Untracked 
|  53|0x0000000711100000, 0x0000000711100000, 0x0000000711200000|  0%| F|  |TAMS 0x0000000711100000, 0x0000000711100000| Untracked 
|  54|0x0000000711200000, 0x0000000711200000, 0x0000000711300000|  0%| F|  |TAMS 0x0000000711200000, 0x0000000711200000| Untracked 
|  55|0x0000000711300000, 0x0000000711300000, 0x0000000711400000|  0%| F|  |TAMS 0x0000000711300000, 0x0000000711300000| Untracked 
|  56|0x0000000711400000, 0x0000000711400000, 0x0000000711500000|  0%| F|  |TAMS 0x0000000711400000, 0x0000000711400000| Untracked 
|  57|0x0000000711500000, 0x0000000711500000, 0x0000000711600000|  0%| F|  |TAMS 0x0000000711500000, 0x0000000711500000| Untracked 
|  58|0x0000000711600000, 0x0000000711600000, 0x0000000711700000|  0%| F|  |TAMS 0x0000000711600000, 0x0000000711600000| Untracked 
|  59|0x0000000711700000, 0x0000000711700000, 0x0000000711800000|  0%| F|  |TAMS 0x0000000711700000, 0x0000000711700000| Untracked 
|  60|0x0000000711800000, 0x0000000711800000, 0x0000000711900000|  0%| F|  |TAMS 0x0000000711800000, 0x0000000711800000| Untracked 
|  61|0x0000000711900000, 0x0000000711900000, 0x0000000711a00000|  0%| F|  |TAMS 0x0000000711900000, 0x0000000711900000| Untracked 
|  62|0x0000000711a00000, 0x0000000711a00000, 0x0000000711b00000|  0%| F|  |TAMS 0x0000000711a00000, 0x0000000711a00000| Untracked 
|  63|0x0000000711b00000, 0x0000000711b00000, 0x0000000711c00000|  0%| F|  |TAMS 0x0000000711b00000, 0x0000000711b00000| Untracked 
|  64|0x0000000711c00000, 0x0000000711c00000, 0x0000000711d00000|  0%| F|  |TAMS 0x0000000711c00000, 0x0000000711c00000| Untracked 
|  65|0x0000000711d00000, 0x0000000711d00000, 0x0000000711e00000|  0%| F|  |TAMS 0x0000000711d00000, 0x0000000711d00000| Untracked 
|  66|0x0000000711e00000, 0x0000000711e00000, 0x0000000711f00000|  0%| F|  |TAMS 0x0000000711e00000, 0x0000000711e00000| Untracked 
|  67|0x0000000711f00000, 0x0000000711f00000, 0x0000000712000000|  0%| F|  |TAMS 0x0000000711f00000, 0x0000000711f00000| Untracked 
|  68|0x0000000712000000, 0x0000000712000000, 0x0000000712100000|  0%| F|  |TAMS 0x0000000712000000, 0x0000000712000000| Untracked 
|  69|0x0000000712100000, 0x0000000712100000, 0x0000000712200000|  0%| F|  |TAMS 0x0000000712100000, 0x0000000712100000| Untracked 
|  70|0x0000000712200000, 0x0000000712200000, 0x0000000712300000|  0%| F|  |TAMS 0x0000000712200000, 0x0000000712200000| Untracked 
|  71|0x0000000712300000, 0x0000000712300000, 0x0000000712400000|  0%| F|  |TAMS 0x0000000712300000, 0x0000000712300000| Untracked 
|  72|0x0000000712400000, 0x0000000712400000, 0x0000000712500000|  0%| F|  |TAMS 0x0000000712400000, 0x0000000712400000| Untracked 
|  73|0x0000000712500000, 0x0000000712500000, 0x0000000712600000|  0%| F|  |TAMS 0x0000000712500000, 0x0000000712500000| Untracked 
|  74|0x0000000712600000, 0x0000000712600000, 0x0000000712700000|  0%| F|  |TAMS 0x0000000712600000, 0x0000000712600000| Untracked 
|  75|0x0000000712700000, 0x0000000712700000, 0x0000000712800000|  0%| F|  |TAMS 0x0000000712700000, 0x0000000712700000| Untracked 
|  76|0x0000000712800000, 0x0000000712800000, 0x0000000712900000|  0%| F|  |TAMS 0x0000000712800000, 0x0000000712800000| Untracked 
|  77|0x0000000712900000, 0x0000000712900000, 0x0000000712a00000|  0%| F|  |TAMS 0x0000000712900000, 0x0000000712900000| Untracked 
|  78|0x0000000712a00000, 0x0000000712a00000, 0x0000000712b00000|  0%| F|  |TAMS 0x0000000712a00000, 0x0000000712a00000| Untracked 
|  79|0x0000000712b00000, 0x0000000712b00000, 0x0000000712c00000|  0%| F|  |TAMS 0x0000000712b00000, 0x0000000712b00000| Untracked 
|  80|0x0000000712c00000, 0x0000000712c00000, 0x0000000712d00000|  0%| F|  |TAMS 0x0000000712c00000, 0x0000000712c00000| Untracked 
|  81|0x0000000712d00000, 0x0000000712d00000, 0x0000000712e00000|  0%| F|  |TAMS 0x0000000712d00000, 0x0000000712d00000| Untracked 
|  82|0x0000000712e00000, 0x0000000712e00000, 0x0000000712f00000|  0%| F|  |TAMS 0x0000000712e00000, 0x0000000712e00000| Untracked 
|  83|0x0000000712f00000, 0x0000000712f00000, 0x0000000713000000|  0%| F|  |TAMS 0x0000000712f00000, 0x0000000712f00000| Untracked 
|  84|0x0000000713000000, 0x0000000713000000, 0x0000000713100000|  0%| F|  |TAMS 0x0000000713000000, 0x0000000713000000| Untracked 
|  85|0x0000000713100000, 0x0000000713100000, 0x0000000713200000|  0%| F|  |TAMS 0x0000000713100000, 0x0000000713100000| Untracked 
|  86|0x0000000713200000, 0x0000000713200000, 0x0000000713300000|  0%| F|  |TAMS 0x0000000713200000, 0x0000000713200000| Untracked 
|  87|0x0000000713300000, 0x0000000713300000, 0x0000000713400000|  0%| F|  |TAMS 0x0000000713300000, 0x0000000713300000| Untracked 
|  88|0x0000000713400000, 0x0000000713400000, 0x0000000713500000|  0%| F|  |TAMS 0x0000000713400000, 0x0000000713400000| Untracked 
|  89|0x0000000713500000, 0x0000000713500000, 0x0000000713600000|  0%| F|  |TAMS 0x0000000713500000, 0x0000000713500000| Untracked 
|  90|0x0000000713600000, 0x0000000713600000, 0x0000000713700000|  0%| F|  |TAMS 0x0000000713600000, 0x0000000713600000| Untracked 
|  91|0x0000000713700000, 0x0000000713700000, 0x0000000713800000|  0%| F|  |TAMS 0x0000000713700000, 0x0000000713700000| Untracked 
|  92|0x0000000713800000, 0x0000000713800000, 0x0000000713900000|  0%| F|  |TAMS 0x0000000713800000, 0x0000000713800000| Untracked 
|  93|0x0000000713900000, 0x0000000713900000, 0x0000000713a00000|  0%| F|  |TAMS 0x0000000713900000, 0x0000000713900000| Untracked 
|  94|0x0000000713a00000, 0x0000000713a00000, 0x0000000713b00000|  0%| F|  |TAMS 0x0000000713a00000, 0x0000000713a00000| Untracked 
|  95|0x0000000713b00000, 0x0000000713b00000, 0x0000000713c00000|  0%| F|  |TAMS 0x0000000713b00000, 0x0000000713b00000| Untracked 
|  96|0x0000000713c00000, 0x0000000713c00000, 0x0000000713d00000|  0%| F|  |TAMS 0x0000000713c00000, 0x0000000713c00000| Untracked 
|  97|0x0000000713d00000, 0x0000000713d00000, 0x0000000713e00000|  0%| F|  |TAMS 0x0000000713d00000, 0x0000000713d00000| Untracked 
|  98|0x0000000713e00000, 0x0000000713e00000, 0x0000000713f00000|  0%| F|  |TAMS 0x0000000713e00000, 0x0000000713e00000| Untracked 
|  99|0x0000000713f00000, 0x0000000713f00000, 0x0000000714000000|  0%| F|  |TAMS 0x0000000713f00000, 0x0000000713f00000| Untracked 
| 100|0x0000000714000000, 0x0000000714000000, 0x0000000714100000|  0%| F|  |TAMS 0x0000000714000000, 0x0000000714000000| Untracked 
| 101|0x0000000714100000, 0x0000000714100000, 0x0000000714200000|  0%| F|  |TAMS 0x0000000714100000, 0x0000000714100000| Untracked 
| 102|0x0000000714200000, 0x0000000714200000, 0x0000000714300000|  0%| F|  |TAMS 0x0000000714200000, 0x0000000714200000| Untracked 
| 103|0x0000000714300000, 0x0000000714300000, 0x0000000714400000|  0%| F|  |TAMS 0x0000000714300000, 0x0000000714300000| Untracked 
| 104|0x0000000714400000, 0x0000000714400000, 0x0000000714500000|  0%| F|  |TAMS 0x0000000714400000, 0x0000000714400000| Untracked 
| 105|0x0000000714500000, 0x0000000714500000, 0x0000000714600000|  0%| F|  |TAMS 0x0000000714500000, 0x0000000714500000| Untracked 
| 106|0x0000000714600000, 0x0000000714600000, 0x0000000714700000|  0%| F|  |TAMS 0x0000000714600000, 0x0000000714600000| Untracked 
| 107|0x0000000714700000, 0x0000000714700000, 0x0000000714800000|  0%| F|  |TAMS 0x0000000714700000, 0x0000000714700000| Untracked 
| 108|0x0000000714800000, 0x0000000714800000, 0x0000000714900000|  0%| F|  |TAMS 0x0000000714800000, 0x0000000714800000| Untracked 
| 109|0x0000000714900000, 0x0000000714900000, 0x0000000714a00000|  0%| F|  |TAMS 0x0000000714900000, 0x0000000714900000| Untracked 
| 110|0x0000000714a00000, 0x0000000714a00000, 0x0000000714b00000|  0%| F|  |TAMS 0x0000000714a00000, 0x0000000714a00000| Untracked 
| 111|0x0000000714b00000, 0x0000000714b00000, 0x0000000714c00000|  0%| F|  |TAMS 0x0000000714b00000, 0x0000000714b00000| Untracked 
| 112|0x0000000714c00000, 0x0000000714c00000, 0x0000000714d00000|  0%| F|  |TAMS 0x0000000714c00000, 0x0000000714c00000| Untracked 
| 113|0x0000000714d00000, 0x0000000714d00000, 0x0000000714e00000|  0%| F|  |TAMS 0x0000000714d00000, 0x0000000714d00000| Untracked 
| 114|0x0000000714e00000, 0x0000000714e00000, 0x0000000714f00000|  0%| F|  |TAMS 0x0000000714e00000, 0x0000000714e00000| Untracked 
| 115|0x0000000714f00000, 0x0000000714f00000, 0x0000000715000000|  0%| F|  |TAMS 0x0000000714f00000, 0x0000000714f00000| Untracked 
| 116|0x0000000715000000, 0x0000000715000000, 0x0000000715100000|  0%| F|  |TAMS 0x0000000715000000, 0x0000000715000000| Untracked 
| 117|0x0000000715100000, 0x0000000715100000, 0x0000000715200000|  0%| F|  |TAMS 0x0000000715100000, 0x0000000715100000| Untracked 
| 118|0x0000000715200000, 0x0000000715200000, 0x0000000715300000|  0%| F|  |TAMS 0x0000000715200000, 0x0000000715200000| Untracked 
| 119|0x0000000715300000, 0x0000000715300000, 0x0000000715400000|  0%| F|  |TAMS 0x0000000715300000, 0x0000000715300000| Untracked 
| 120|0x0000000715400000, 0x0000000715400000, 0x0000000715500000|  0%| F|  |TAMS 0x0000000715400000, 0x0000000715400000| Untracked 
| 121|0x0000000715500000, 0x0000000715500000, 0x0000000715600000|  0%| F|  |TAMS 0x0000000715500000, 0x0000000715500000| Untracked 
| 122|0x0000000715600000, 0x0000000715600000, 0x0000000715700000|  0%| F|  |TAMS 0x0000000715600000, 0x0000000715600000| Untracked 
| 123|0x0000000715700000, 0x0000000715700000, 0x0000000715800000|  0%| F|  |TAMS 0x0000000715700000, 0x0000000715700000| Untracked 
| 124|0x0000000715800000, 0x0000000715800000, 0x0000000715900000|  0%| F|  |TAMS 0x0000000715800000, 0x0000000715800000| Untracked 
| 125|0x0000000715900000, 0x0000000715900000, 0x0000000715a00000|  0%| F|  |TAMS 0x0000000715900000, 0x0000000715900000| Untracked 
| 126|0x0000000715a00000, 0x0000000715a00000, 0x0000000715b00000|  0%| F|  |TAMS 0x0000000715a00000, 0x0000000715a00000| Untracked 
| 127|0x0000000715b00000, 0x0000000715b00000, 0x0000000715c00000|  0%| F|  |TAMS 0x0000000715b00000, 0x0000000715b00000| Untracked 
| 128|0x0000000715c00000, 0x0000000715c00000, 0x0000000715d00000|  0%| F|  |TAMS 0x0000000715c00000, 0x0000000715c00000| Untracked 
| 129|0x0000000715d00000, 0x0000000715d00000, 0x0000000715e00000|  0%| F|  |TAMS 0x0000000715d00000, 0x0000000715d00000| Untracked 
| 130|0x0000000715e00000, 0x0000000715e00000, 0x0000000715f00000|  0%| F|  |TAMS 0x0000000715e00000, 0x0000000715e00000| Untracked 
| 131|0x0000000715f00000, 0x0000000715f00000, 0x0000000716000000|  0%| F|  |TAMS 0x0000000715f00000, 0x0000000715f00000| Untracked 
| 132|0x0000000716000000, 0x0000000716000000, 0x0000000716100000|  0%| F|  |TAMS 0x0000000716000000, 0x0000000716000000| Untracked 
| 133|0x0000000716100000, 0x0000000716100000, 0x0000000716200000|  0%| F|  |TAMS 0x0000000716100000, 0x0000000716100000| Untracked 
| 134|0x0000000716200000, 0x0000000716200000, 0x0000000716300000|  0%| F|  |TAMS 0x0000000716200000, 0x0000000716200000| Untracked 
| 135|0x0000000716300000, 0x0000000716300000, 0x0000000716400000|  0%| F|  |TAMS 0x0000000716300000, 0x0000000716300000| Untracked 
| 136|0x0000000716400000, 0x0000000716400000, 0x0000000716500000|  0%| F|  |TAMS 0x0000000716400000, 0x0000000716400000| Untracked 
| 137|0x0000000716500000, 0x0000000716500000, 0x0000000716600000|  0%| F|  |TAMS 0x0000000716500000, 0x0000000716500000| Untracked 
| 138|0x0000000716600000, 0x0000000716600000, 0x0000000716700000|  0%| F|  |TAMS 0x0000000716600000, 0x0000000716600000| Untracked 
| 139|0x0000000716700000, 0x0000000716700000, 0x0000000716800000|  0%| F|  |TAMS 0x0000000716700000, 0x0000000716700000| Untracked 
| 140|0x0000000716800000, 0x0000000716800000, 0x0000000716900000|  0%| F|  |TAMS 0x0000000716800000, 0x0000000716800000| Untracked 
| 141|0x0000000716900000, 0x0000000716900000, 0x0000000716a00000|  0%| F|  |TAMS 0x0000000716900000, 0x0000000716900000| Untracked 
| 142|0x0000000716a00000, 0x0000000716a00000, 0x0000000716b00000|  0%| F|  |TAMS 0x0000000716a00000, 0x0000000716a00000| Untracked 
| 143|0x0000000716b00000, 0x0000000716b00000, 0x0000000716c00000|  0%| F|  |TAMS 0x0000000716b00000, 0x0000000716b00000| Untracked 
| 144|0x0000000716c00000, 0x0000000716c00000, 0x0000000716d00000|  0%| F|  |TAMS 0x0000000716c00000, 0x0000000716c00000| Untracked 
| 145|0x0000000716d00000, 0x0000000716d00000, 0x0000000716e00000|  0%| F|  |TAMS 0x0000000716d00000, 0x0000000716d00000| Untracked 
| 146|0x0000000716e00000, 0x0000000716e00000, 0x0000000716f00000|  0%| F|  |TAMS 0x0000000716e00000, 0x0000000716e00000| Untracked 
| 147|0x0000000716f00000, 0x0000000716f00000, 0x0000000717000000|  0%| F|  |TAMS 0x0000000716f00000, 0x0000000716f00000| Untracked 
| 148|0x0000000717000000, 0x0000000717000000, 0x0000000717100000|  0%| F|  |TAMS 0x0000000717000000, 0x0000000717000000| Untracked 
| 149|0x0000000717100000, 0x0000000717100000, 0x0000000717200000|  0%| F|  |TAMS 0x0000000717100000, 0x0000000717100000| Untracked 
| 150|0x0000000717200000, 0x0000000717200000, 0x0000000717300000|  0%| F|  |TAMS 0x0000000717200000, 0x0000000717200000| Untracked 
| 151|0x0000000717300000, 0x0000000717300000, 0x0000000717400000|  0%| F|  |TAMS 0x0000000717300000, 0x0000000717300000| Untracked 
| 152|0x0000000717400000, 0x0000000717400000, 0x0000000717500000|  0%| F|  |TAMS 0x0000000717400000, 0x0000000717400000| Untracked 
| 153|0x0000000717500000, 0x0000000717500000, 0x0000000717600000|  0%| F|  |TAMS 0x0000000717500000, 0x0000000717500000| Untracked 
| 154|0x0000000717600000, 0x0000000717600000, 0x0000000717700000|  0%| F|  |TAMS 0x0000000717600000, 0x0000000717600000| Untracked 
| 155|0x0000000717700000, 0x0000000717700000, 0x0000000717800000|  0%| F|  |TAMS 0x0000000717700000, 0x0000000717700000| Untracked 
| 156|0x0000000717800000, 0x0000000717800000, 0x0000000717900000|  0%| F|  |TAMS 0x0000000717800000, 0x0000000717800000| Untracked 
| 157|0x0000000717900000, 0x0000000717900000, 0x0000000717a00000|  0%| F|  |TAMS 0x0000000717900000, 0x0000000717900000| Untracked 
| 158|0x0000000717a00000, 0x0000000717a00000, 0x0000000717b00000|  0%| F|  |TAMS 0x0000000717a00000, 0x0000000717a00000| Untracked 
| 159|0x0000000717b00000, 0x0000000717b00000, 0x0000000717c00000|  0%| F|  |TAMS 0x0000000717b00000, 0x0000000717b00000| Untracked 
| 160|0x0000000717c00000, 0x0000000717c00000, 0x0000000717d00000|  0%| F|  |TAMS 0x0000000717c00000, 0x0000000717c00000| Untracked 
| 161|0x0000000717d00000, 0x0000000717d00000, 0x0000000717e00000|  0%| F|  |TAMS 0x0000000717d00000, 0x0000000717d00000| Untracked 
| 162|0x0000000717e00000, 0x0000000717e00000, 0x0000000717f00000|  0%| F|  |TAMS 0x0000000717e00000, 0x0000000717e00000| Untracked 
| 163|0x0000000717f00000, 0x0000000717f00000, 0x0000000718000000|  0%| F|  |TAMS 0x0000000717f00000, 0x0000000717f00000| Untracked 
| 164|0x0000000718000000, 0x0000000718000000, 0x0000000718100000|  0%| F|  |TAMS 0x0000000718000000, 0x0000000718000000| Untracked 
| 165|0x0000000718100000, 0x0000000718100000, 0x0000000718200000|  0%| F|  |TAMS 0x0000000718100000, 0x0000000718100000| Untracked 
| 166|0x0000000718200000, 0x0000000718200000, 0x0000000718300000|  0%| F|  |TAMS 0x0000000718200000, 0x0000000718200000| Untracked 
| 167|0x0000000718300000, 0x0000000718300000, 0x0000000718400000|  0%| F|  |TAMS 0x0000000718300000, 0x0000000718300000| Untracked 
| 168|0x0000000718400000, 0x0000000718400000, 0x0000000718500000|  0%| F|  |TAMS 0x0000000718400000, 0x0000000718400000| Untracked 
| 169|0x0000000718500000, 0x0000000718500000, 0x0000000718600000|  0%| F|  |TAMS 0x0000000718500000, 0x0000000718500000| Untracked 
| 170|0x0000000718600000, 0x0000000718600000, 0x0000000718700000|  0%| F|  |TAMS 0x0000000718600000, 0x0000000718600000| Untracked 
| 171|0x0000000718700000, 0x0000000718700000, 0x0000000718800000|  0%| F|  |TAMS 0x0000000718700000, 0x0000000718700000| Untracked 
| 172|0x0000000718800000, 0x0000000718800000, 0x0000000718900000|  0%| F|  |TAMS 0x0000000718800000, 0x0000000718800000| Untracked 
| 173|0x0000000718900000, 0x0000000718900000, 0x0000000718a00000|  0%| F|  |TAMS 0x0000000718900000, 0x0000000718900000| Untracked 
| 174|0x0000000718a00000, 0x0000000718a00000, 0x0000000718b00000|  0%| F|  |TAMS 0x0000000718a00000, 0x0000000718a00000| Untracked 
| 175|0x0000000718b00000, 0x0000000718b00000, 0x0000000718c00000|  0%| F|  |TAMS 0x0000000718b00000, 0x0000000718b00000| Untracked 
| 176|0x0000000718c00000, 0x0000000718c00000, 0x0000000718d00000|  0%| F|  |TAMS 0x0000000718c00000, 0x0000000718c00000| Untracked 
| 177|0x0000000718d00000, 0x0000000718d00000, 0x0000000718e00000|  0%| F|  |TAMS 0x0000000718d00000, 0x0000000718d00000| Untracked 
| 178|0x0000000718e00000, 0x0000000718e00000, 0x0000000718f00000|  0%| F|  |TAMS 0x0000000718e00000, 0x0000000718e00000| Untracked 
| 179|0x0000000718f00000, 0x0000000718f00000, 0x0000000719000000|  0%| F|  |TAMS 0x0000000718f00000, 0x0000000718f00000| Untracked 
| 180|0x0000000719000000, 0x0000000719000000, 0x0000000719100000|  0%| F|  |TAMS 0x0000000719000000, 0x0000000719000000| Untracked 
| 181|0x0000000719100000, 0x0000000719100000, 0x0000000719200000|  0%| F|  |TAMS 0x0000000719100000, 0x0000000719100000| Untracked 
| 182|0x0000000719200000, 0x0000000719200000, 0x0000000719300000|  0%| F|  |TAMS 0x0000000719200000, 0x0000000719200000| Untracked 
| 183|0x0000000719300000, 0x0000000719300000, 0x0000000719400000|  0%| F|  |TAMS 0x0000000719300000, 0x0000000719300000| Untracked 
| 184|0x0000000719400000, 0x0000000719400000, 0x0000000719500000|  0%| F|  |TAMS 0x0000000719400000, 0x0000000719400000| Untracked 
| 185|0x0000000719500000, 0x0000000719500000, 0x0000000719600000|  0%| F|  |TAMS 0x0000000719500000, 0x0000000719500000| Untracked 
| 186|0x0000000719600000, 0x0000000719600000, 0x0000000719700000|  0%| F|  |TAMS 0x0000000719600000, 0x0000000719600000| Untracked 
| 187|0x0000000719700000, 0x0000000719700000, 0x0000000719800000|  0%| F|  |TAMS 0x0000000719700000, 0x0000000719700000| Untracked 
| 188|0x0000000719800000, 0x0000000719800000, 0x0000000719900000|  0%| F|  |TAMS 0x0000000719800000, 0x0000000719800000| Untracked 
| 189|0x0000000719900000, 0x0000000719900000, 0x0000000719a00000|  0%| F|  |TAMS 0x0000000719900000, 0x0000000719900000| Untracked 
| 190|0x0000000719a00000, 0x0000000719a00000, 0x0000000719b00000|  0%| F|  |TAMS 0x0000000719a00000, 0x0000000719a00000| Untracked 
| 191|0x0000000719b00000, 0x0000000719b00000, 0x0000000719c00000|  0%| F|  |TAMS 0x0000000719b00000, 0x0000000719b00000| Untracked 
| 192|0x0000000719c00000, 0x0000000719c00000, 0x0000000719d00000|  0%| F|  |TAMS 0x0000000719c00000, 0x0000000719c00000| Untracked 
| 193|0x0000000719d00000, 0x0000000719d00000, 0x0000000719e00000|  0%| F|  |TAMS 0x0000000719d00000, 0x0000000719d00000| Untracked 
| 194|0x0000000719e00000, 0x0000000719e00000, 0x0000000719f00000|  0%| F|  |TAMS 0x0000000719e00000, 0x0000000719e00000| Untracked 
| 195|0x0000000719f00000, 0x0000000719f00000, 0x000000071a000000|  0%| F|  |TAMS 0x0000000719f00000, 0x0000000719f00000| Untracked 
| 196|0x000000071a000000, 0x000000071a000000, 0x000000071a100000|  0%| F|  |TAMS 0x000000071a000000, 0x000000071a000000| Untracked 
| 197|0x000000071a100000, 0x000000071a100000, 0x000000071a200000|  0%| F|  |TAMS 0x000000071a100000, 0x000000071a100000| Untracked 
| 198|0x000000071a200000, 0x000000071a200000, 0x000000071a300000|  0%| F|  |TAMS 0x000000071a200000, 0x000000071a200000| Untracked 
| 199|0x000000071a300000, 0x000000071a300000, 0x000000071a400000|  0%| F|  |TAMS 0x000000071a300000, 0x000000071a300000| Untracked 
| 200|0x000000071a400000, 0x000000071a400000, 0x000000071a500000|  0%| F|  |TAMS 0x000000071a400000, 0x000000071a400000| Untracked 
| 201|0x000000071a500000, 0x000000071a500000, 0x000000071a600000|  0%| F|  |TAMS 0x000000071a500000, 0x000000071a500000| Untracked 
| 202|0x000000071a600000, 0x000000071a600000, 0x000000071a700000|  0%| F|  |TAMS 0x000000071a600000, 0x000000071a600000| Untracked 
| 203|0x000000071a700000, 0x000000071a700000, 0x000000071a800000|  0%| F|  |TAMS 0x000000071a700000, 0x000000071a700000| Untracked 
| 204|0x000000071a800000, 0x000000071a800000, 0x000000071a900000|  0%| F|  |TAMS 0x000000071a800000, 0x000000071a800000| Untracked 
| 205|0x000000071a900000, 0x000000071a900000, 0x000000071aa00000|  0%| F|  |TAMS 0x000000071a900000, 0x000000071a900000| Untracked 
| 206|0x000000071aa00000, 0x000000071aa00000, 0x000000071ab00000|  0%| F|  |TAMS 0x000000071aa00000, 0x000000071aa00000| Untracked 
| 207|0x000000071ab00000, 0x000000071ab00000, 0x000000071ac00000|  0%| F|  |TAMS 0x000000071ab00000, 0x000000071ab00000| Untracked 
| 208|0x000000071ac00000, 0x000000071ac00000, 0x000000071ad00000|  0%| F|  |TAMS 0x000000071ac00000, 0x000000071ac00000| Untracked 
| 209|0x000000071ad00000, 0x000000071ad00000, 0x000000071ae00000|  0%| F|  |TAMS 0x000000071ad00000, 0x000000071ad00000| Untracked 
| 210|0x000000071ae00000, 0x000000071ae00000, 0x000000071af00000|  0%| F|  |TAMS 0x000000071ae00000, 0x000000071ae00000| Untracked 
| 211|0x000000071af00000, 0x000000071af00000, 0x000000071b000000|  0%| F|  |TAMS 0x000000071af00000, 0x000000071af00000| Untracked 
| 212|0x000000071b000000, 0x000000071b000000, 0x000000071b100000|  0%| F|  |TAMS 0x000000071b000000, 0x000000071b000000| Untracked 
| 213|0x000000071b100000, 0x000000071b100000, 0x000000071b200000|  0%| F|  |TAMS 0x000000071b100000, 0x000000071b100000| Untracked 
| 214|0x000000071b200000, 0x000000071b200000, 0x000000071b300000|  0%| F|  |TAMS 0x000000071b200000, 0x000000071b200000| Untracked 
| 215|0x000000071b300000, 0x000000071b300000, 0x000000071b400000|  0%| F|  |TAMS 0x000000071b300000, 0x000000071b300000| Untracked 
| 216|0x000000071b400000, 0x000000071b400000, 0x000000071b500000|  0%| F|  |TAMS 0x000000071b400000, 0x000000071b400000| Untracked 
| 217|0x000000071b500000, 0x000000071b500000, 0x000000071b600000|  0%| F|  |TAMS 0x000000071b500000, 0x000000071b500000| Untracked 
| 218|0x000000071b600000, 0x000000071b600000, 0x000000071b700000|  0%| F|  |TAMS 0x000000071b600000, 0x000000071b600000| Untracked 
| 219|0x000000071b700000, 0x000000071b700000, 0x000000071b800000|  0%| F|  |TAMS 0x000000071b700000, 0x000000071b700000| Untracked 
| 220|0x000000071b800000, 0x000000071b800000, 0x000000071b900000|  0%| F|  |TAMS 0x000000071b800000, 0x000000071b800000| Untracked 
| 221|0x000000071b900000, 0x000000071b900000, 0x000000071ba00000|  0%| F|  |TAMS 0x000000071b900000, 0x000000071b900000| Untracked 
| 222|0x000000071ba00000, 0x000000071ba00000, 0x000000071bb00000|  0%| F|  |TAMS 0x000000071ba00000, 0x000000071ba00000| Untracked 
| 223|0x000000071bb00000, 0x000000071bb00000, 0x000000071bc00000|  0%| F|  |TAMS 0x000000071bb00000, 0x000000071bb00000| Untracked 
| 224|0x000000071bc00000, 0x000000071bc00000, 0x000000071bd00000|  0%| F|  |TAMS 0x000000071bc00000, 0x000000071bc00000| Untracked 
| 225|0x000000071bd00000, 0x000000071bd00000, 0x000000071be00000|  0%| F|  |TAMS 0x000000071bd00000, 0x000000071bd00000| Untracked 
| 226|0x000000071be00000, 0x000000071be00000, 0x000000071bf00000|  0%| F|  |TAMS 0x000000071be00000, 0x000000071be00000| Untracked 
| 227|0x000000071bf00000, 0x000000071bf00000, 0x000000071c000000|  0%| F|  |TAMS 0x000000071bf00000, 0x000000071bf00000| Untracked 
| 228|0x000000071c000000, 0x000000071c000000, 0x000000071c100000|  0%| F|  |TAMS 0x000000071c000000, 0x000000071c000000| Untracked 
| 229|0x000000071c100000, 0x000000071c100000, 0x000000071c200000|  0%| F|  |TAMS 0x000000071c100000, 0x000000071c100000| Untracked 
| 230|0x000000071c200000, 0x000000071c200000, 0x000000071c300000|  0%| F|  |TAMS 0x000000071c200000, 0x000000071c200000| Untracked 
| 231|0x000000071c300000, 0x000000071c300000, 0x000000071c400000|  0%| F|  |TAMS 0x000000071c300000, 0x000000071c300000| Untracked 
| 232|0x000000071c400000, 0x000000071c400000, 0x000000071c500000|  0%| F|  |TAMS 0x000000071c400000, 0x000000071c400000| Untracked 
| 233|0x000000071c500000, 0x000000071c57b648, 0x000000071c600000| 48%| E|  |TAMS 0x000000071c500000, 0x000000071c500000| Complete 
| 234|0x000000071c600000, 0x000000071c700000, 0x000000071c700000|100%| E|CS|TAMS 0x000000071c600000, 0x000000071c600000| Complete 
| 235|0x000000071c700000, 0x000000071c800000, 0x000000071c800000|100%| E|  |TAMS 0x000000071c700000, 0x000000071c700000| Complete 
| 236|0x000000071c800000, 0x000000071c900000, 0x000000071c900000|100%| E|CS|TAMS 0x000000071c800000, 0x000000071c800000| Complete 
| 237|0x000000071c900000, 0x000000071ca00000, 0x000000071ca00000|100%| E|CS|TAMS 0x000000071c900000, 0x000000071c900000| Complete 
| 238|0x000000071ca00000, 0x000000071cb00000, 0x000000071cb00000|100%| E|CS|TAMS 0x000000071ca00000, 0x000000071ca00000| Complete 
| 239|0x000000071cb00000, 0x000000071cc00000, 0x000000071cc00000|100%| E|CS|TAMS 0x000000071cb00000, 0x000000071cb00000| Complete 
| 240|0x000000071cc00000, 0x000000071cd00000, 0x000000071cd00000|100%| E|CS|TAMS 0x000000071cc00000, 0x000000071cc00000| Complete 
| 241|0x000000071cd00000, 0x000000071ce00000, 0x000000071ce00000|100%| E|CS|TAMS 0x000000071cd00000, 0x000000071cd00000| Complete 
| 242|0x000000071ce00000, 0x000000071cf00000, 0x000000071cf00000|100%| E|CS|TAMS 0x000000071ce00000, 0x000000071ce00000| Complete 
| 243|0x000000071cf00000, 0x000000071d000000, 0x000000071d000000|100%| E|CS|TAMS 0x000000071cf00000, 0x000000071cf00000| Complete 
|2850|0x00000007bfe00000, 0x00000007bfe47000, 0x00000007bff00000| 27%|OA|  |TAMS 0x00000007bfe00000, 0x00000007bfe00000| Untracked 
|2851|0x00000007bff00000, 0x00000007bff6b000, 0x00000007c0000000| 41%|CA|  |TAMS 0x00000007bff00000, 0x00000007bff00000| Untracked 

Card table byte_map: [0x00007f793786e000,0x00007f7938000000] _byte_map_base: 0x00007f7934000000

Marking Bits (Prev, Next): (CMBitMap*) 0x00007f795407bca8, (CMBitMap*) 0x00007f795407bce0
 Prev Bits: [0x00007f793344c000, 0x00007f79370dc000)
 Next Bits: [0x00007f792f7bc000, 0x00007f793344c000)

Polling page: 0x00007f795b24a000

Metaspace:

Usage:
  Non-class:      4.67 MB capacity,     3.01 MB ( 64%) used,     1.66 MB ( 35%) free+waste,     6.25 KB ( <1%) overhead. 
      Class:    510.00 KB capacity,   324.80 KB ( 64%) used,   181.45 KB ( 36%) free+waste,     3.75 KB ( <1%) overhead. 
       Both:      5.17 MB capacity,     3.32 MB ( 64%) used,     1.83 MB ( 35%) free+waste,    10.00 KB ( <1%) overhead. 

Virtual space:
  Non-class space:        8.00 MB reserved,       4.75 MB ( 59%) committed 
      Class space:        1.00 GB reserved,     512.00 KB ( <1%) committed 
             Both:        1.01 GB reserved,       5.25 MB ( <1%) committed 

Chunk freelists:
   Non-Class:  52.00 KB
       Class:  2.00 KB
        Both:  54.00 KB

MaxMetaspaceSize: unlimited
CompressedClassSpaceSize: 1.00 GB
Initial GC threshold: 20.80 MB
Current GC threshold: 20.80 MB
CDS: on

CodeHeap 'non-profiled nmethods': size=120032Kb used=196Kb max_used=196Kb free=119835Kb
 bounds [0x00007f79440c8000, 0x00007f7944338000, 0x00007f794b600000]
CodeHeap 'profiled nmethods': size=120028Kb used=957Kb max_used=957Kb free=119070Kb
 bounds [0x00007f793cb91000, 0x00007f793ce01000, 0x00007f79440c8000]
CodeHeap 'non-nmethods': size=5700Kb used=1140Kb max_used=1151Kb free=4559Kb
 bounds [0x00007f793c600000, 0x00007f793c870000, 0x00007f793cb91000]
 total_blobs=991 nmethods=594 adapters=311
 compilation: enabled
              stopped_count=0, restarted_count=0
 full_count=0

Compilation events (20 events):
Event: 3.490 Thread 0x00007f795423c000  585       3       java.util.zip.ZipFile$ZipFileInflaterInputStream::fill (80 bytes)
Event: 3.490 Thread 0x00007f795423c000 nmethod 585 0x00007f793cc7bc10 code [0x00007f793cc7be00, 0x00007f793cc7c1a0]
Event: 3.490 Thread 0x00007f795423c000  586   !   3       java.util.zip.Inflater::setInput (69 bytes)
Event: 3.491 Thread 0x00007f795423c000 nmethod 586 0x00007f793cc7c390 code [0x00007f793cc7c560, 0x00007f793cc7ca20]
Event: 3.501 Thread 0x00007f795423c000  587   !   3       java.util.zip.Inflater::needsInput (55 bytes)
Event: 3.502 Thread 0x00007f795423c000 nmethod 587 0x00007f793cc7cb90 code [0x00007f793cc7cd60, 0x00007f793cc7d210]
Event: 3.508 Thread 0x00007f795423c000  588       3       java.util.zip.ZipFile$ZipFileInputStream::initDataOffset (109 bytes)
Event: 3.509 Thread 0x00007f795423c000 nmethod 588 0x00007f793cc7d390 code [0x00007f793cc7d5c0, 0x00007f793cc7dd60]
Event: 3.509 Thread 0x00007f795423c000  589   !   3       java.util.zip.ZipFile$Source::readAt (39 bytes)
Event: 3.509 Thread 0x00007f795423c000 nmethod 589 0x00007f793cc7e090 code [0x00007f793cc7e2a0, 0x00007f793cc7e820]
Event: 3.571 Thread 0x00007f795423a000  590       4       java.util.zip.Inflater::ensureOpen (47 bytes)
Event: 3.572 Thread 0x00007f795423a000 nmethod 590 0x00007f79440f7a90 code [0x00007f79440f7c20, 0x00007f79440f7cd8]
Event: 3.573 Thread 0x00007f795423a000  591   !   4       java.util.zip.Inflater::inflate (418 bytes)
Event: 3.579 Thread 0x00007f795423c000  592       3       java.nio.CharBuffer::position (8 bytes)
Event: 3.579 Thread 0x00007f795423a000 nmethod 591 0x00007f79440f7d90 code [0x00007f79440f7f80, 0x00007f79440f8870]
Event: 3.579 Thread 0x00007f795423c000 nmethod 592 0x00007f793cc7eb90 code [0x00007f793cc7ed40, 0x00007f793cc7eea0]
Event: 3.581 Thread 0x00007f795423c000  593       3       java.lang.Enum::<init> (15 bytes)
Event: 3.581 Thread 0x00007f795423c000 nmethod 593 0x00007f793cc7ef90 code [0x00007f793cc7f140, 0x00007f793cc7f310]
Event: 3.581 Thread 0x00007f795423c000  594       3       java.lang.ClassLoader::checkPackageAccess (102 bytes)
Event: 3.582 Thread 0x00007f795423c000 nmethod 594 0x00007f793cc7f410 code [0x00007f793cc7f6c0, 0x00007f793cc80200]

GC Heap History (0 events):
No events

Deoptimization events (20 events):
Event: 3.262 Thread 0x00007f7954016800 DEOPT PACKING pc=0x00007f79440d2324 sp=0x00007f7959bf9e70
Event: 3.262 Thread 0x00007f7954016800 DEOPT UNPACKING pc=0x00007f793c649ea5 sp=0x00007f7959bf9e20 mode 2
Event: 3.263 Thread 0x00007f7954016800 Uncommon trap: trap_request=0xffffffc6 fr.pc=0x00007f79440d2324 relative=0x0000000000000084
Event: 3.263 Thread 0x00007f7954016800 Uncommon trap: reason=bimorphic_or_optimized_type_check action=maybe_recompile pc=0x00007f79440d2324 method=java.util.AbstractCollection.isEmpty()Z @ 1 c2
Event: 3.263 Thread 0x00007f7954016800 DEOPT PACKING pc=0x00007f79440d2324 sp=0x00007f7959bf9c80
Event: 3.263 Thread 0x00007f7954016800 DEOPT UNPACKING pc=0x00007f793c649ea5 sp=0x00007f7959bf9c30 mode 2
Event: 3.285 Thread 0x00007f7954016800 Uncommon trap: trap_request=0xffffff4d fr.pc=0x00007f79440d56b0 relative=0x0000000000000d30
Event: 3.285 Thread 0x00007f7954016800 Uncommon trap: reason=unstable_if action=reinterpret pc=0x00007f79440d56b0 method=java.util.HashMap.putVal(ILjava/lang/Object;Ljava/lang/Object;ZZ)Ljava/lang/Object; @ 181 c2
Event: 3.286 Thread 0x00007f7954016800 DEOPT PACKING pc=0x00007f79440d56b0 sp=0x00007f7959bfbc70
Event: 3.286 Thread 0x00007f7954016800 DEOPT UNPACKING pc=0x00007f793c649ea5 sp=0x00007f7959bfbc10 mode 2
Event: 3.303 Thread 0x00007f7954016800 DEOPT PACKING pc=0x00007f793cbdb830 sp=0x00007f7959bfc410
Event: 3.303 Thread 0x00007f7954016800 DEOPT UNPACKING pc=0x00007f793c64a64a sp=0x00007f7959bfb888 mode 0
Event: 3.460 Thread 0x00007f7954016800 Uncommon trap: trap_request=0xffffff4d fr.pc=0x00007f79440cde24 relative=0x0000000000000084
Event: 3.460 Thread 0x00007f7954016800 Uncommon trap: reason=unstable_if action=reinterpret pc=0x00007f79440cde24 method=java.lang.String.isLatin1()Z @ 10 c2
Event: 3.460 Thread 0x00007f7954016800 DEOPT PACKING pc=0x00007f79440cde24 sp=0x00007f7959bfe590
Event: 3.460 Thread 0x00007f7954016800 DEOPT UNPACKING pc=0x00007f793c649ea5 sp=0x00007f7959bfe4f0 mode 2
Event: 3.460 Thread 0x00007f7954016800 Uncommon trap: trap_request=0xffffff4d fr.pc=0x00007f79440d9a08 relative=0x0000000000000068
Event: 3.460 Thread 0x00007f7954016800 Uncommon trap: reason=unstable_if action=reinterpret pc=0x00007f79440d9a08 method=java.lang.String.isLatin1()Z @ 10 c2
Event: 3.460 Thread 0x00007f7954016800 DEOPT PACKING pc=0x00007f79440d9a08 sp=0x00007f7959bfe540
Event: 3.460 Thread 0x00007f7954016800 DEOPT UNPACKING pc=0x00007f793c649ea5 sp=0x00007f7959bfe4f0 mode 2

Classes redefined (0 events):
No events

Internal exceptions (12 events):
Event: 0.145 Thread 0x00007f7954016800 Exception <a 'java/lang/NoClassDefFoundError'{0x000000071cc1b7f0}: org/slf4j/impl/StaticLoggerBinder> (0x000000071cc1b7f0) thrown at [./src/hotspot/share/classfile/systemDictionary.cpp, line 219]
Event: 1.172 Thread 0x00007f7954016800 Exception <a 'java/net/SocketTimeoutException'{0x000000071cc62f10}: connect timed out> (0x000000071cc62f10) thrown at [./src/hotspot/share/prims/jni.cpp, line 638]
Event: 2.176 Thread 0x00007f7954016800 Exception <a 'java/net/SocketTimeoutException'{0x000000071cc6ae88}: connect timed out> (0x000000071cc6ae88) thrown at [./src/hotspot/share/prims/jni.cpp, line 638]
Event: 3.178 Thread 0x00007f7954016800 Exception <a 'java/net/SocketTimeoutException'{0x000000071cc6baa0}: connect timed out> (0x000000071cc6baa0) thrown at [./src/hotspot/share/prims/jni.cpp, line 638]
Event: 3.240 Thread 0x00007f7954016800 Exception <a 'java/net/NoRouteToHostException'{0x000000071cc6c898}> (0x000000071cc6c898) thrown at [./src/hotspot/share/prims/jni.cpp, line 617]
Event: 3.307 Thread 0x00007f7954016800 Exception <a 'java/lang/NoSuchMethodError'{0x000000071c9a4658}: 'java.lang.Object java.lang.invoke.DirectMethodHandle$Holder.invokeStaticInit(java.lang.Object, java.lang.Object, long, java.lang.Object)'> (0x000000071c9a4658) thrown at [./src/hotspot/share/interpreter/linkResolver.cpp, line 772]
Event: 3.308 Thread 0x00007f7954016800 Exception <a 'java/lang/NoSuchMethodError'{0x000000071c9b07b8}: 'java.lang.Object java.lang.invoke.Invokers$Holder.linkToTargetMethod(java.lang.Object, long, java.lang.Object)'> (0x000000071c9b07b8) thrown at [./src/hotspot/share/interpreter/linkResolver.cpp, line 772]
Event: 3.310 Thread 0x00007f7954016800 Exception <a 'java/lang/NoSuchMethodError'{0x000000071c9b7900}: 'java.lang.Object java.lang.invoke.DirectMethodHandle$Holder.invokeStatic(java.lang.Object, java.lang.Object, java.lang.Object, int)'> (0x000000071c9b7900) thrown at [./src/hotspot/share/interpreter/linkResolver.cpp, line 772]
Event: 3.310 Thread 0x00007f7954016800 Exception <a 'java/lang/NoSuchMethodError'{0x000000071c9bb578}: 'java.lang.Object java.lang.invoke.DirectMethodHandle$Holder.invokeSpecial(java.lang.Object, java.lang.Object, java.lang.Object, java.lang.Object, int)'> (0x000000071c9bb578) thrown at [./src/hotspot/share/interpreter/linkResolver.cpp, line 772]
Event: 3.310 Thread 0x00007f7954016800 Exception <a 'java/lang/NoSuchMethodError'{0x000000071c9bea10}: 'java.lang.Object java.lang.invoke.Invokers$Holder.linkToTargetMethod(java.lang.Object, java.lang.Object, int, java.lang.Object)'> (0x000000071c9bea10) thrown at [./src/hotspot/share/interpreter/linkResolver.cpp, line 772]
Event: 3.322 Thread 0x00007f7954016800 Exception <a 'java/lang/UnsatisfiedLinkError'{0x000000071c827fe8}: libcudart.so: cannot open shared object file: No such file or directory> (0x000000071c827fe8) thrown at [./src/hotspot/share/prims/jni.cpp, line 638]
Event: 3.322 Thread 0x00007f7954016800 Exception <a 'java/lang/UnsatisfiedLinkError'{0x000000071c829508}: libcudart.so: cannot open shared object file: No such file or directory> (0x000000071c829508) thrown at [./src/hotspot/share/prims/jni.cpp, line 638]

Events (20 events):
Event: 3.847 loading class jdk/internal/misc/Signal$1 done
Event: 3.847 Thread 0x00007f7908003000 Thread added: 0x00007f7908003000
Event: 3.847 Protecting memory [0x00007f792c0b4000,0x00007f792c0b8000] with protection modes 0
Event: 3.847 Executing VM operation: RevokeBias
Event: 3.847 Executing VM operation: RevokeBias done
Event: 3.847 Thread 0x00007f78a8002000 Thread added: 0x00007f78a8002000
Event: 3.847 Protecting memory [0x00007f790ff00000,0x00007f790ff04000] with protection modes 0
Event: 3.848 Thread 0x00007f78a8003800 Thread added: 0x00007f78a8003800
Event: 3.848 Protecting memory [0x00007f790ed00000,0x00007f790ed04000] with protection modes 0
Event: 3.848 Thread 0x00007f78a8002000 Thread exited: 0x00007f78a8002000
Event: 3.848 Executing VM operation: RevokeBias
Event: 3.848 Executing VM operation: RevokeBias done
Event: 3.848 Executing VM operation: RevokeBias
Event: 3.848 Executing VM operation: RevokeBias done
Event: 3.848 Executing VM operation: RevokeBias
Event: 3.848 Executing VM operation: RevokeBias done
Event: 3.849 Executing VM operation: RevokeBias
Event: 3.849 Executing VM operation: RevokeBias done
Event: 3.849 Thread 0x00007f78a8003800 Thread exited: 0x00007f78a8003800
Event: 3.849 Executing VM operation: Exit


Dynamic libraries:
70dc00000-71d000000 rw-p 00000000 00:00 0 
71d000000-7bfe00000 ---p 00000000 00:00 0 
7bfe00000-7bfe47000 rw-p 00b0a000 103:02 787412                          /usr/lib/jvm/java-11-openjdk-amd64/lib/server/classes.jsa
7bfe47000-7bff00000 rw-p 00000000 00:00 0 
7bff00000-7bff6b000 rw-p 00a9f000 103:02 787412                          /usr/lib/jvm/java-11-openjdk-amd64/lib/server/classes.jsa
7bff6b000-7c0000000 rw-p 00000000 00:00 0 
7c0000000-800000000 ---p 00000000 00:00 0 
800000000-800002000 rwxp 00001000 103:02 787412                          /usr/lib/jvm/java-11-openjdk-amd64/lib/server/classes.jsa
800002000-8003cc000 rw-p 00003000 103:02 787412                          /usr/lib/jvm/java-11-openjdk-amd64/lib/server/classes.jsa
8003cc000-800a9d000 r--p 003cd000 103:02 787412                          /usr/lib/jvm/java-11-openjdk-amd64/lib/server/classes.jsa
800a9d000-800a9e000 rw-p 00a9e000 103:02 787412                          /usr/lib/jvm/java-11-openjdk-amd64/lib/server/classes.jsa
840000000-840080000 rw-p 00000000 00:00 0 
840080000-880000000 ---p 00000000 00:00 0 
55c442c13000-55c442c14000 r--p 00000000 103:02 787821                    /usr/lib/jvm/java-11-openjdk-amd64/bin/java
55c442c14000-55c442c15000 r-xp 00001000 103:02 787821                    /usr/lib/jvm/java-11-openjdk-amd64/bin/java
55c442c15000-55c442c16000 r--p 00002000 103:02 787821                    /usr/lib/jvm/java-11-openjdk-amd64/bin/java
55c442c16000-55c442c17000 r--p 00002000 103:02 787821                    /usr/lib/jvm/java-11-openjdk-amd64/bin/java
55c442c17000-55c442c18000 rw-p 00003000 103:02 787821                    /usr/lib/jvm/java-11-openjdk-amd64/bin/java
55c443f66000-55c443f87000 rw-p 00000000 00:00 0                          [heap]
7f78a0000000-7f78a0021000 rw-p 00000000 00:00 0 
7f78a0021000-7f78a4000000 ---p 00000000 00:00 0 
7f78a8000000-7f78a8021000 rw-p 00000000 00:00 0 
7f78a8021000-7f78ac000000 ---p 00000000 00:00 0 
7f78ac000000-7f78ac021000 rw-p 00000000 00:00 0 
7f78ac021000-7f78b0000000 ---p 00000000 00:00 0 
7f78b0000000-7f78b0021000 rw-p 00000000 00:00 0 
7f78b0021000-7f78b4000000 ---p 00000000 00:00 0 
7f78b4000000-7f78b4021000 rw-p 00000000 00:00 0 
7f78b4021000-7f78b8000000 ---p 00000000 00:00 0 
7f78b8000000-7f78b8021000 rw-p 00000000 00:00 0 
7f78b8021000-7f78bc000000 ---p 00000000 00:00 0 
7f78bc498000-7f78bf6ff000 rw-p 00000000 00:00 0 
7f78c0000000-7f78c0021000 rw-p 00000000 00:00 0 
7f78c0021000-7f78c4000000 ---p 00000000 00:00 0 
7f78c4000000-7f78c4021000 rw-p 00000000 00:00 0 
7f78c4021000-7f78c8000000 ---p 00000000 00:00 0 
7f78c8000000-7f78c8021000 rw-p 00000000 00:00 0 
7f78c8021000-7f78cc000000 ---p 00000000 00:00 0 
7f78cc000000-7f78cc021000 rw-p 00000000 00:00 0 
7f78cc021000-7f78d0000000 ---p 00000000 00:00 0 
7f78d0000000-7f78d0021000 rw-p 00000000 00:00 0 
7f78d0021000-7f78d4000000 ---p 00000000 00:00 0 
7f78d4000000-7f78d4021000 rw-p 00000000 00:00 0 
7f78d4021000-7f78d8000000 ---p 00000000 00:00 0 
7f78d8000000-7f78d8021000 rw-p 00000000 00:00 0 
7f78d8021000-7f78dc000000 ---p 00000000 00:00 0 
7f78dc699000-7f78ddffe000 rw-p 00000000 00:00 0 
7f78ddffe000-7f78ddfff000 ---p 00000000 00:00 0 
7f78ddfff000-7f78de7ff000 rw-p 00000000 00:00 0 
7f78de7ff000-7f78de800000 ---p 00000000 00:00 0 
7f78de800000-7f78df000000 rw-p 00000000 00:00 0 
7f78df000000-7f78df06e000 r--p 00000000 103:02 9701569                   /tmp/onnxruntime-java9264866767605049769/libonnxruntime.so (deleted)
7f78df06e000-7f78dfd0f000 r-xp 0006e000 103:02 9701569                   /tmp/onnxruntime-java9264866767605049769/libonnxruntime.so (deleted)
7f78dfd0f000-7f78dffc8000 r--p 00d0f000 103:02 9701569                   /tmp/onnxruntime-java9264866767605049769/libonnxruntime.so (deleted)
7f78dffc8000-7f78dfff0000 r--p 00fc7000 103:02 9701569                   /tmp/onnxruntime-java9264866767605049769/libonnxruntime.so (deleted)
7f78dfff0000-7f78dfff1000 rw-p 00fef000 103:02 9701569                   /tmp/onnxruntime-java9264866767605049769/libonnxruntime.so (deleted)
7f78dfff1000-7f78dfff6000 rw-p 00000000 00:00 0 
7f78e0000000-7f78e0021000 rw-p 00000000 00:00 0 
7f78e0021000-7f78e4000000 ---p 00000000 00:00 0 
7f78e4000000-7f78e4021000 rw-p 00000000 00:00 0 
7f78e4021000-7f78e8000000 ---p 00000000 00:00 0 
7f78e8000000-7f78e8021000 rw-p 00000000 00:00 0 
7f78e8021000-7f78ec000000 ---p 00000000 00:00 0 
7f78ec000000-7f78ec027000 rw-p 00000000 00:00 0 
7f78ec027000-7f78f0000000 ---p 00000000 00:00 0 
7f78f0000000-7f78f0021000 rw-p 00000000 00:00 0 
7f78f0021000-7f78f4000000 ---p 00000000 00:00 0 
7f78f4000000-7f78f4021000 rw-p 00000000 00:00 0 
7f78f4021000-7f78f8000000 ---p 00000000 00:00 0 
7f78f8000000-7f78f821d000 rw-p 00000000 00:00 0 
7f78f821d000-7f78fc000000 ---p 00000000 00:00 0 
7f78fc000000-7f78fc021000 rw-p 00000000 00:00 0 
7f78fc021000-7f7900000000 ---p 00000000 00:00 0 
7f7900000000-7f7900021000 rw-p 00000000 00:00 0 
7f7900021000-7f7904000000 ---p 00000000 00:00 0 
7f7904000000-7f79041e2000 rw-p 00000000 00:00 0 
7f79041e2000-7f7908000000 ---p 00000000 00:00 0 
7f7908000000-7f7908021000 rw-p 00000000 00:00 0 
7f7908021000-7f790c000000 ---p 00000000 00:00 0 
7f790c3f7000-7f790c3f8000 ---p 00000000 00:00 0 
7f790c3f8000-7f790cbf8000 rw-p 00000000 00:00 0 
7f790cbf8000-7f790cbf9000 ---p 00000000 00:00 0 
7f790cbf9000-7f790cdf9000 rw-p 00000000 00:00 0 
7f790cdf9000-7f790cdfa000 ---p 00000000 00:00 0 
7f790cdfa000-7f790cffa000 rw-p 00000000 00:00 0 
7f790cffa000-7f790cffb000 ---p 00000000 00:00 0 
7f790cffb000-7f790d1fb000 rw-p 00000000 00:00 0 
7f790d1fb000-7f790d1fc000 ---p 00000000 00:00 0 
7f790d1fc000-7f790d3fc000 rw-p 00000000 00:00 0 
7f790d3fc000-7f790d3fd000 ---p 00000000 00:00 0 
7f790d3fd000-7f790d5fd000 rw-p 00000000 00:00 0 
7f790d5fd000-7f790d5fe000 ---p 00000000 00:00 0 
7f790d5fe000-7f790d7fe000 rw-p 00000000 00:00 0 
7f790d7fe000-7f790d7ff000 ---p 00000000 00:00 0 
7f790d7ff000-7f790d9ff000 rw-p 00000000 00:00 0 
7f790d9ff000-7f790da00000 ---p 00000000 00:00 0 
7f790da00000-7f790dc00000 rw-p 00000000 00:00 0 
7f790dc00000-7f790e54e000 r-xp 00000000 103:02 26482295                  /home/vinoth/.djl.ai/tokenizers/0.13.2-0.21.0-linux-x86_64/libtokenizers.so
7f790e54e000-7f790e74e000 ---p 0094e000 103:02 26482295                  /home/vinoth/.djl.ai/tokenizers/0.13.2-0.21.0-linux-x86_64/libtokenizers.so
7f790e74e000-7f790e7f4000 r--p 0094e000 103:02 26482295                  /home/vinoth/.djl.ai/tokenizers/0.13.2-0.21.0-linux-x86_64/libtokenizers.so
7f790e7f4000-7f790e801000 rw-p 009f4000 103:02 26482295                  /home/vinoth/.djl.ai/tokenizers/0.13.2-0.21.0-linux-x86_64/libtokenizers.so
7f790e801000-7f790e818000 rw-p 00000000 00:00 0 
7f790ea00000-7f790ea1e000 r-xp 00000000 103:02 25174226                  /home/vinoth/.cache/JNA/temp/jna5319192750217304920.tmp (deleted)
7f790ea1e000-7f790ec1d000 ---p 0001e000 103:02 25174226                  /home/vinoth/.cache/JNA/temp/jna5319192750217304920.tmp (deleted)
7f790ec1d000-7f790ec1e000 rw-p 0001d000 103:02 25174226                  /home/vinoth/.cache/JNA/temp/jna5319192750217304920.tmp (deleted)
7f790ec1e000-7f790ec1f000 rw-p 00000000 00:00 0 
7f790ed00000-7f790ed04000 ---p 00000000 00:00 0 
7f790ed04000-7f790ee00000 rw-p 00000000 00:00 0 
7f790ee00000-7f790fe60000 r--p 00000000 103:02 529729                    /usr/lib/locale/locale-archive
7f790ff00000-7f790ff04000 ---p 00000000 00:00 0 
7f790ff04000-7f7910000000 rw-p 00000000 00:00 0 
7f7910000000-7f7910021000 rw-p 00000000 00:00 0 
7f7910021000-7f7914000000 ---p 00000000 00:00 0 
7f7914000000-7f7914021000 rw-p 00000000 00:00 0 
7f7914021000-7f7918000000 ---p 00000000 00:00 0 
7f7918000000-7f7918021000 rw-p 00000000 00:00 0 
7f7918021000-7f791c000000 ---p 00000000 00:00 0 
7f791c000000-7f791c021000 rw-p 00000000 00:00 0 
7f791c021000-7f7920000000 ---p 00000000 00:00 0 
7f7920000000-7f7920021000 rw-p 00000000 00:00 0 
7f7920021000-7f7924000000 ---p 00000000 00:00 0 
7f7924000000-7f7924021000 rw-p 00000000 00:00 0 
7f7924021000-7f7928000000 ---p 00000000 00:00 0 
7f7928000000-7f7928021000 rw-p 00000000 00:00 0 
7f7928021000-7f792c000000 ---p 00000000 00:00 0 
7f792c0b4000-7f792c0b8000 ---p 00000000 00:00 0 
7f792c0b8000-7f792c1b4000 rw-p 00000000 00:00 0 
7f792c1b4000-7f792c1b8000 ---p 00000000 00:00 0 
7f792c1b8000-7f792c2b4000 rw-p 00000000 00:00 0 
7f792c2b4000-7f792c2b5000 ---p 00000000 00:00 0 
7f792c2b5000-7f792c3b6000 rw-p 00000000 00:00 0 
7f792c3b6000-7f792c3ba000 ---p 00000000 00:00 0 
7f792c3ba000-7f792c4b6000 rw-p 00000000 00:00 0 
7f792c4b6000-7f792c4ba000 ---p 00000000 00:00 0 
7f792c4ba000-7f792c5b6000 rw-p 00000000 00:00 0 
7f792c5b6000-7f792c5ba000 ---p 00000000 00:00 0 
7f792c5ba000-7f792c6b6000 rw-p 00000000 00:00 0 
7f792c6b6000-7f792c6ba000 ---p 00000000 00:00 0 
7f792c6ba000-7f792c7b6000 rw-p 00000000 00:00 0 
7f792c7b6000-7f792c7ba000 ---p 00000000 00:00 0 
7f792c7ba000-7f792c8b6000 rw-p 00000000 00:00 0 
7f792c8b6000-7f792c8ba000 ---p 00000000 00:00 0 
7f792c8ba000-7f792c9b6000 rw-p 00000000 00:00 0 
7f792c9b6000-7f792c9ba000 ---p 00000000 00:00 0 
7f792c9ba000-7f792cab6000 rw-p 00000000 00:00 0 
7f792cab6000-7f792caba000 ---p 00000000 00:00 0 
7f792caba000-7f792cbb6000 rw-p 00000000 00:00 0 
7f792cbb6000-7f792cbba000 ---p 00000000 00:00 0 
7f792cbba000-7f792ccb6000 rw-p 00000000 00:00 0 
7f792ccb6000-7f792ccb7000 ---p 00000000 00:00 0 
7f792ccb7000-7f792d278000 rw-p 00000000 00:00 0 
7f792d278000-7f792d5b8000 ---p 00000000 00:00 0 
7f792d5b8000-7f792d5b9000 ---p 00000000 00:00 0 
7f792d5b9000-7f792d6ba000 rw-p 00000000 00:00 0 
7f792d6ba000-7f792d6bb000 ---p 00000000 00:00 0 
7f792d6bb000-7f792fb8c000 rw-p 00000000 00:00 0 
7f792fb8c000-7f7932444000 ---p 00000000 00:00 0 
7f7932444000-7f793244c000 rw-p 00000000 00:00 0 
7f793244c000-7f793344c000 ---p 00000000 00:00 0 
7f793344c000-7f793381c000 rw-p 00000000 00:00 0 
7f793381c000-7f79360d4000 ---p 00000000 00:00 0 
7f79360d4000-7f79360dc000 rw-p 00000000 00:00 0 
7f79360dc000-7f79370dc000 ---p 00000000 00:00 0 
7f79370dc000-7f7937156000 rw-p 00000000 00:00 0 
7f7937156000-7f793766d000 ---p 00000000 00:00 0 
7f793766d000-7f793766e000 rw-p 00000000 00:00 0 
7f793766e000-7f793786e000 ---p 00000000 00:00 0 
7f793786e000-7f79378e8000 rw-p 00000000 00:00 0 
7f79378e8000-7f7937dff000 ---p 00000000 00:00 0 
7f7937dff000-7f7937e00000 rw-p 00000000 00:00 0 
7f7937e00000-7f7938000000 ---p 00000000 00:00 0 
7f7938000000-7f7938021000 rw-p 00000000 00:00 0 
7f7938021000-7f793c000000 ---p 00000000 00:00 0 
7f793c0fb000-7f793c600000 rw-p 00000000 00:00 0 
7f793c600000-7f793c870000 rwxp 00000000 00:00 0 
7f793c870000-7f793cb91000 ---p 00000000 00:00 0 
7f793cb91000-7f793ce01000 rwxp 00000000 00:00 0 
7f793ce01000-7f79440c8000 ---p 00000000 00:00 0 
7f79440c8000-7f7944338000 rwxp 00000000 00:00 0 
7f7944338000-7f794b600000 ---p 00000000 00:00 0 
7f794b600000-7f7953e0b000 r--s 00000000 103:02 788017                    /usr/lib/jvm/java-11-openjdk-amd64/lib/modules
7f7953ec8000-7f7953ecd000 r--p 00000000 103:02 9701570                   /tmp/onnxruntime-java9264866767605049769/libonnxruntime4j_jni.so (deleted)
7f7953ecd000-7f7953ed7000 r-xp 00005000 103:02 9701570                   /tmp/onnxruntime-java9264866767605049769/libonnxruntime4j_jni.so (deleted)
7f7953ed7000-7f7953edb000 r--p 0000f000 103:02 9701570                   /tmp/onnxruntime-java9264866767605049769/libonnxruntime4j_jni.so (deleted)
7f7953edb000-7f7953edc000 r--p 00012000 103:02 9701570                   /tmp/onnxruntime-java9264866767605049769/libonnxruntime4j_jni.so (deleted)
7f7953edc000-7f7953edd000 rw-p 00013000 103:02 9701570                   /tmp/onnxruntime-java9264866767605049769/libonnxruntime4j_jni.so (deleted)
7f7953edd000-7f7953ee1000 ---p 00000000 00:00 0 
7f7953ee1000-7f7954000000 rw-p 00000000 00:00 0 
7f7954000000-7f79564b4000 rw-p 00000000 00:00 0 
7f79564b4000-7f7958000000 ---p 00000000 00:00 0 
7f7958006000-7f795800d000 r--s 00000000 103:02 1183914                   /usr/lib/x86_64-linux-gnu/gconv/gconv-modules.cache
7f795800d000-7f7958290000 rw-p 00000000 00:00 0 
7f7958290000-7f7958291000 ---p 00000000 00:00 0 
7f7958291000-7f7958392000 rw-p 00000000 00:00 0 
7f7958392000-7f7958393000 ---p 00000000 00:00 0 
7f7958393000-7f7958608000 rw-p 00000000 00:00 0 
7f7958608000-7f7958b1f000 ---p 00000000 00:00 0 
7f7958b1f000-7f7958b20000 rw-p 00000000 00:00 0 
7f7958b20000-7f7958d20000 ---p 00000000 00:00 0 
7f7958d20000-7f7959528000 rw-p 00000000 00:00 0 
7f7959528000-7f7959529000 ---p 00000000 00:00 0 
7f7959529000-7f795962f000 rw-p 00000000 00:00 0 
7f795962f000-7f7959715000 ---p 00000000 00:00 0 
7f7959715000-7f795971a000 rw-p 00000000 00:00 0 
7f795971a000-7f7959800000 ---p 00000000 00:00 0 
7f7959800000-7f795989a000 r--p 00000000 103:02 524862                    /usr/lib/x86_64-linux-gnu/libstdc++.so.6.0.30
7f795989a000-7f79599aa000 r-xp 0009a000 103:02 524862                    /usr/lib/x86_64-linux-gnu/libstdc++.so.6.0.30
7f79599aa000-7f7959a19000 r--p 001aa000 103:02 524862                    /usr/lib/x86_64-linux-gnu/libstdc++.so.6.0.30
7f7959a19000-7f7959a24000 r--p 00218000 103:02 524862                    /usr/lib/x86_64-linux-gnu/libstdc++.so.6.0.30
7f7959a24000-7f7959a27000 rw-p 00223000 103:02 524862                    /usr/lib/x86_64-linux-gnu/libstdc++.so.6.0.30
7f7959a27000-7f7959a2a000 rw-p 00000000 00:00 0 
7f7959a2a000-7f7959a2b000 r--p 00000000 103:02 530883                    /usr/lib/x86_64-linux-gnu/libdl.so.2
7f7959a2b000-7f7959a2c000 r-xp 00001000 103:02 530883                    /usr/lib/x86_64-linux-gnu/libdl.so.2
7f7959a2c000-7f7959a2d000 r--p 00002000 103:02 530883                    /usr/lib/x86_64-linux-gnu/libdl.so.2
7f7959a2d000-7f7959a2e000 r--p 00002000 103:02 530883                    /usr/lib/x86_64-linux-gnu/libdl.so.2
7f7959a2e000-7f7959a2f000 rw-p 00003000 103:02 530883                    /usr/lib/x86_64-linux-gnu/libdl.so.2
7f7959a2f000-7f7959a30000 r--p 00000000 103:02 531661                    /usr/lib/x86_64-linux-gnu/libpthread.so.0
7f7959a30000-7f7959a31000 r-xp 00001000 103:02 531661                    /usr/lib/x86_64-linux-gnu/libpthread.so.0
7f7959a31000-7f7959a32000 r--p 00002000 103:02 531661                    /usr/lib/x86_64-linux-gnu/libpthread.so.0
7f7959a32000-7f7959a33000 r--p 00002000 103:02 531661                    /usr/lib/x86_64-linux-gnu/libpthread.so.0
7f7959a33000-7f7959a34000 rw-p 00003000 103:02 531661                    /usr/lib/x86_64-linux-gnu/libpthread.so.0
7f7959a34000-7f7959a38000 r--p 00000000 103:02 788007                    /usr/lib/jvm/java-11-openjdk-amd64/lib/libnet.so
7f7959a38000-7f7959a46000 r-xp 00004000 103:02 788007                    /usr/lib/jvm/java-11-openjdk-amd64/lib/libnet.so
7f7959a46000-7f7959a4a000 r--p 00012000 103:02 788007                    /usr/lib/jvm/java-11-openjdk-amd64/lib/libnet.so
7f7959a4a000-7f7959a4b000 r--p 00015000 103:02 788007                    /usr/lib/jvm/java-11-openjdk-amd64/lib/libnet.so
7f7959a4b000-7f7959a4c000 rw-p 00016000 103:02 788007                    /usr/lib/jvm/java-11-openjdk-amd64/lib/libnet.so
7f7959a4c000-7f7959a53000 r--p 00000000 103:02 788008                    /usr/lib/jvm/java-11-openjdk-amd64/lib/libnio.so
7f7959a53000-7f7959a5b000 r-xp 00007000 103:02 788008                    /usr/lib/jvm/java-11-openjdk-amd64/lib/libnio.so
7f7959a5b000-7f7959a5e000 r--p 0000f000 103:02 788008                    /usr/lib/jvm/java-11-openjdk-amd64/lib/libnio.so
7f7959a5e000-7f7959a5f000 r--p 00011000 103:02 788008                    /usr/lib/jvm/java-11-openjdk-amd64/lib/libnio.so
7f7959a5f000-7f7959a60000 rw-p 00012000 103:02 788008                    /usr/lib/jvm/java-11-openjdk-amd64/lib/libnio.so
7f7959a60000-7f7959ac0000 rw-p 00000000 00:00 0 
7f7959ac0000-7f7959ac7000 ---p 00000000 00:00 0 
7f7959ac7000-7f7959ac9000 r--p 00000000 103:02 788016                    /usr/lib/jvm/java-11-openjdk-amd64/lib/libzip.so
7f7959ac9000-7f7959ace000 r-xp 00002000 103:02 788016                    /usr/lib/jvm/java-11-openjdk-amd64/lib/libzip.so
7f7959ace000-7f7959ad0000 r--p 00007000 103:02 788016                    /usr/lib/jvm/java-11-openjdk-amd64/lib/libzip.so
7f7959ad0000-7f7959ad1000 r--p 00008000 103:02 788016                    /usr/lib/jvm/java-11-openjdk-amd64/lib/libzip.so
7f7959ad1000-7f7959ad2000 rw-p 00009000 103:02 788016                    /usr/lib/jvm/java-11-openjdk-amd64/lib/libzip.so
7f7959ad2000-7f7959ae0000 r--p 00000000 103:02 787996                    /usr/lib/jvm/java-11-openjdk-amd64/lib/libjava.so
7f7959ae0000-7f7959af6000 r-xp 0000e000 103:02 787996                    /usr/lib/jvm/java-11-openjdk-amd64/lib/libjava.so
7f7959af6000-7f7959afd000 r--p 00024000 103:02 787996                    /usr/lib/jvm/java-11-openjdk-amd64/lib/libjava.so
7f7959afd000-7f7959afe000 r--p 0002a000 103:02 787996                    /usr/lib/jvm/java-11-openjdk-amd64/lib/libjava.so
7f7959afe000-7f7959aff000 rw-p 0002b000 103:02 787996                    /usr/lib/jvm/java-11-openjdk-amd64/lib/libjava.so
7f7959aff000-7f7959b00000 rw-p 00000000 00:00 0 
7f7959b00000-7f7959b04000 ---p 00000000 00:00 0 
7f7959b04000-7f7959c00000 rw-p 00000000 00:00 0 
7f7959c00000-7f7959e82000 r--p 00000000 103:02 788020                    /usr/lib/jvm/java-11-openjdk-amd64/lib/server/libjvm.so
7f7959e82000-7f795ab1e000 r-xp 00282000 103:02 788020                    /usr/lib/jvm/java-11-openjdk-amd64/lib/server/libjvm.so
7f795ab1e000-7f795ad79000 r--p 00f1e000 103:02 788020                    /usr/lib/jvm/java-11-openjdk-amd64/lib/server/libjvm.so
7f795ad79000-7f795ad7a000 ---p 01179000 103:02 788020                    /usr/lib/jvm/java-11-openjdk-amd64/lib/server/libjvm.so
7f795ad7a000-7f795ae3e000 r--p 01179000 103:02 788020                    /usr/lib/jvm/java-11-openjdk-amd64/lib/server/libjvm.so
7f795ae3e000-7f795ae79000 rw-p 0123d000 103:02 788020                    /usr/lib/jvm/java-11-openjdk-amd64/lib/server/libjvm.so
7f795ae79000-7f795aed0000 rw-p 00000000 00:00 0 
7f795aed0000-7f795aed1000 r--p 00000000 103:02 787989                    /usr/lib/jvm/java-11-openjdk-amd64/lib/libextnet.so
7f795aed1000-7f795aed2000 r-xp 00001000 103:02 787989                    /usr/lib/jvm/java-11-openjdk-amd64/lib/libextnet.so
7f795aed2000-7f795aed3000 r--p 00002000 103:02 787989                    /usr/lib/jvm/java-11-openjdk-amd64/lib/libextnet.so
7f795aed3000-7f795aed4000 r--p 00002000 103:02 787989                    /usr/lib/jvm/java-11-openjdk-amd64/lib/libextnet.so
7f795aed4000-7f795aed5000 rw-p 00003000 103:02 787989                    /usr/lib/jvm/java-11-openjdk-amd64/lib/libextnet.so
7f795aed5000-7f795aedd000 rw-s 00000000 103:02 10092723                  /tmp/hsperfdata_vinoth/3314653
7f795aedd000-7f795aedf000 r--p 00000000 103:02 787991                    /usr/lib/jvm/java-11-openjdk-amd64/lib/libinstrument.so
7f795aedf000-7f795aee6000 r-xp 00002000 103:02 787991                    /usr/lib/jvm/java-11-openjdk-amd64/lib/libinstrument.so
7f795aee6000-7f795aee9000 r--p 00009000 103:02 787991                    /usr/lib/jvm/java-11-openjdk-amd64/lib/libinstrument.so
7f795aee9000-7f795aeea000 r--p 0000b000 103:02 787991                    /usr/lib/jvm/java-11-openjdk-amd64/lib/libinstrument.so
7f795aeea000-7f795aeeb000 rw-p 0000c000 103:02 787991                    /usr/lib/jvm/java-11-openjdk-amd64/lib/libinstrument.so
7f795aeeb000-7f795aeed000 r--p 00000000 103:02 787999                    /usr/lib/jvm/java-11-openjdk-amd64/lib/libjimage.so
7f795aeed000-7f795aef0000 r-xp 00002000 103:02 787999                    /usr/lib/jvm/java-11-openjdk-amd64/lib/libjimage.so
7f795aef0000-7f795aef1000 r--p 00005000 103:02 787999                    /usr/lib/jvm/java-11-openjdk-amd64/lib/libjimage.so
7f795aef1000-7f795aef2000 ---p 00006000 103:02 787999                    /usr/lib/jvm/java-11-openjdk-amd64/lib/libjimage.so
7f795aef2000-7f795aef3000 r--p 00006000 103:02 787999                    /usr/lib/jvm/java-11-openjdk-amd64/lib/libjimage.so
7f795aef3000-7f795aef4000 rw-p 00007000 103:02 787999                    /usr/lib/jvm/java-11-openjdk-amd64/lib/libjimage.so
7f795aef4000-7f795aef5000 r--p 00000000 103:02 531717                    /usr/lib/x86_64-linux-gnu/librt.so.1
7f795aef5000-7f795aef6000 r-xp 00001000 103:02 531717                    /usr/lib/x86_64-linux-gnu/librt.so.1
7f795aef6000-7f795aef7000 r--p 00002000 103:02 531717                    /usr/lib/x86_64-linux-gnu/librt.so.1
7f795aef7000-7f795aef8000 r--p 00002000 103:02 531717                    /usr/lib/x86_64-linux-gnu/librt.so.1
7f795aef8000-7f795aef9000 rw-p 00003000 103:02 531717                    /usr/lib/x86_64-linux-gnu/librt.so.1
7f795aef9000-7f795aefc000 r--p 00000000 103:02 524801                    /usr/lib/x86_64-linux-gnu/libgcc_s.so.1
7f795aefc000-7f795af13000 r-xp 00003000 103:02 524801                    /usr/lib/x86_64-linux-gnu/libgcc_s.so.1
7f795af13000-7f795af17000 r--p 0001a000 103:02 524801                    /usr/lib/x86_64-linux-gnu/libgcc_s.so.1
7f795af17000-7f795af18000 r--p 0001d000 103:02 524801                    /usr/lib/x86_64-linux-gnu/libgcc_s.so.1
7f795af18000-7f795af19000 rw-p 0001e000 103:02 524801                    /usr/lib/x86_64-linux-gnu/libgcc_s.so.1
7f795af19000-7f795af27000 r--p 00000000 103:02 531392                    /usr/lib/x86_64-linux-gnu/libm.so.6
7f795af27000-7f795afa3000 r-xp 0000e000 103:02 531392                    /usr/lib/x86_64-linux-gnu/libm.so.6
7f795afa3000-7f795affe000 r--p 0008a000 103:02 531392                    /usr/lib/x86_64-linux-gnu/libm.so.6
7f795affe000-7f795afff000 r--p 000e4000 103:02 531392                    /usr/lib/x86_64-linux-gnu/libm.so.6
7f795afff000-7f795b000000 rw-p 000e5000 103:02 531392                    /usr/lib/x86_64-linux-gnu/libm.so.6
7f795b000000-7f795b028000 r--p 00000000 103:02 530741                    /usr/lib/x86_64-linux-gnu/libc.so.6
7f795b028000-7f795b1bd000 r-xp 00028000 103:02 530741                    /usr/lib/x86_64-linux-gnu/libc.so.6
7f795b1bd000-7f795b215000 r--p 001bd000 103:02 530741                    /usr/lib/x86_64-linux-gnu/libc.so.6
7f795b215000-7f795b219000 r--p 00214000 103:02 530741                    /usr/lib/x86_64-linux-gnu/libc.so.6
7f795b219000-7f795b21b000 rw-p 00218000 103:02 530741                    /usr/lib/x86_64-linux-gnu/libc.so.6
7f795b21b000-7f795b228000 rw-p 00000000 00:00 0 
7f795b22c000-7f795b22e000 rw-p 00000000 00:00 0 
7f795b22e000-7f795b230000 r--p 00000000 103:02 524478                    /usr/lib/x86_64-linux-gnu/libz.so.1.2.11
7f795b230000-7f795b241000 r-xp 00002000 103:02 524478                    /usr/lib/x86_64-linux-gnu/libz.so.1.2.11
7f795b241000-7f795b247000 r--p 00013000 103:02 524478                    /usr/lib/x86_64-linux-gnu/libz.so.1.2.11
7f795b247000-7f795b248000 ---p 00019000 103:02 524478                    /usr/lib/x86_64-linux-gnu/libz.so.1.2.11
7f795b248000-7f795b249000 r--p 00019000 103:02 524478                    /usr/lib/x86_64-linux-gnu/libz.so.1.2.11
7f795b249000-7f795b24a000 rw-p 0001a000 103:02 524478                    /usr/lib/x86_64-linux-gnu/libz.so.1.2.11
7f795b24a000-7f795b24b000 ---p 00000000 00:00 0 
7f795b24b000-7f795b24c000 r--p 00000000 00:00 0 
7f795b24c000-7f795b251000 r--p 00000000 103:02 788015                    /usr/lib/jvm/java-11-openjdk-amd64/lib/libverify.so
7f795b251000-7f795b258000 r-xp 00005000 103:02 788015                    /usr/lib/jvm/java-11-openjdk-amd64/lib/libverify.so
7f795b258000-7f795b25a000 r--p 0000c000 103:02 788015                    /usr/lib/jvm/java-11-openjdk-amd64/lib/libverify.so
7f795b25a000-7f795b25c000 r--p 0000d000 103:02 788015                    /usr/lib/jvm/java-11-openjdk-amd64/lib/libverify.so
7f795b25c000-7f795b25d000 rw-p 0000f000 103:02 788015                    /usr/lib/jvm/java-11-openjdk-amd64/lib/libverify.so
7f795b25d000-7f795b260000 r--p 00000000 103:02 787981                    /usr/lib/jvm/java-11-openjdk-amd64/lib/jli/libjli.so
7f795b260000-7f795b26a000 r-xp 00003000 103:02 787981                    /usr/lib/jvm/java-11-openjdk-amd64/lib/jli/libjli.so
7f795b26a000-7f795b26d000 r--p 0000d000 103:02 787981                    /usr/lib/jvm/java-11-openjdk-amd64/lib/jli/libjli.so
7f795b26d000-7f795b26e000 ---p 00010000 103:02 787981                    /usr/lib/jvm/java-11-openjdk-amd64/lib/jli/libjli.so
7f795b26e000-7f795b26f000 r--p 00010000 103:02 787981                    /usr/lib/jvm/java-11-openjdk-amd64/lib/jli/libjli.so
7f795b26f000-7f795b270000 rw-p 00011000 103:02 787981                    /usr/lib/jvm/java-11-openjdk-amd64/lib/jli/libjli.so
7f795b270000-7f795b272000 rw-p 00000000 00:00 0 
7f795b272000-7f795b274000 r--p 00000000 103:02 530404                    /usr/lib/x86_64-linux-gnu/ld-linux-x86-64.so.2
7f795b274000-7f795b29e000 r-xp 00002000 103:02 530404                    /usr/lib/x86_64-linux-gnu/ld-linux-x86-64.so.2
7f795b29e000-7f795b2a9000 r--p 0002c000 103:02 530404                    /usr/lib/x86_64-linux-gnu/ld-linux-x86-64.so.2
7f795b2aa000-7f795b2ac000 r--p 00037000 103:02 530404                    /usr/lib/x86_64-linux-gnu/ld-linux-x86-64.so.2
7f795b2ac000-7f795b2ae000 rw-p 00039000 103:02 530404                    /usr/lib/x86_64-linux-gnu/ld-linux-x86-64.so.2
7ffc81207000-7ffc81228000 rw-p 00000000 00:00 0                          [stack]
7ffc813e8000-7ffc813ec000 r--p 00000000 00:00 0                          [vvar]
7ffc813ec000-7ffc813ee000 r-xp 00000000 00:00 0                          [vdso]
ffffffffff600000-ffffffffff601000 --xp 00000000 00:00 0                  [vsyscall]


VM Arguments:
jvm_args: -javaagent:/home/vinoth/.local/share/JetBrains/Toolbox/apps/IDEA-U/ch-0/223.8836.41/lib/idea_rt.jar=39167:/home/vinoth/.local/share/JetBrains/Toolbox/apps/IDEA-U/ch-0/223.8836.41/bin -Dfile.encoding=UTF-8 
java_command: io.ballerina.MaskedTokenPrediction
java_class_path (initial): /home/vinoth/IdeaProjects/prediction_by_java/target/classes:/home/vinoth/.m2/repository/com/microsoft/onnxruntime/onnxruntime/1.15.0/onnxruntime-1.15.0.jar:/home/vinoth/.m2/repository/ai/djl/pytorch/pytorch-engine/0.19.0/pytorch-engine-0.19.0.jar:/home/vinoth/.m2/repository/ai/djl/api/0.22.0/api-0.22.0.jar:/home/vinoth/.m2/repository/com/google/code/gson/gson/2.10.1/gson-2.10.1.jar:/home/vinoth/.m2/repository/net/java/dev/jna/jna/5.13.0/jna-5.13.0.jar:/home/vinoth/.m2/repository/org/apache/commons/commons-compress/1.22/commons-compress-1.22.jar:/home/vinoth/.m2/repository/org/slf4j/slf4j-api/1.7.36/slf4j-api-1.7.36.jar:/home/vinoth/.m2/repository/ai/djl/model-zoo/0.22.1/model-zoo-0.22.1.jar:/home/vinoth/.m2/repository/ai/djl/huggingface/tokenizers/0.21.0/tokenizers-0.21.0.jar
Launcher Type: SUN_STANDARD

[Global flags]
     intx CICompilerCount                          = 4                                         {product} {ergonomic}
     uint ConcGCThreads                            = 2                                         {product} {ergonomic}
     uint G1ConcRefinementThreads                  = 8                                         {product} {ergonomic}
   size_t G1HeapRegionSize                         = 1048576                                   {product} {ergonomic}
    uintx GCDrainStackTargetSize                   = 64                                        {product} {ergonomic}
   size_t InitialHeapSize                          = 255852544                                 {product} {ergonomic}
   size_t MarkStackSize                            = 4194304                                   {product} {ergonomic}
   size_t MaxHeapSize                              = 4064280576                                {product} {ergonomic}
   size_t MaxNewSize                               = 2437939200                                {product} {ergonomic}
   size_t MinHeapDeltaBytes                        = 1048576                                   {product} {ergonomic}
    uintx NonNMethodCodeHeapSize                   = 5836300                                {pd product} {ergonomic}
    uintx NonProfiledCodeHeapSize                  = 122910970                              {pd product} {ergonomic}
    uintx ProfiledCodeHeapSize                     = 122910970                              {pd product} {ergonomic}
    uintx ReservedCodeCacheSize                    = 251658240                              {pd product} {ergonomic}
     bool SegmentedCodeCache                       = true                                      {product} {ergonomic}
     bool UseCompressedClassPointers               = true                                 {lp64_product} {ergonomic}
     bool UseCompressedOops                        = true                                 {lp64_product} {ergonomic}
     bool UseG1GC                                  = true                                      {product} {ergonomic}

Logging:
Log output configuration:
 #0: stdout all=warning uptime,level,tags
 #1: stderr all=off uptime,level,tags

Environment Variables:
JAVA_HOME=usr/lib/jvm/java-11-openjdk-amd64
PATH=/home/vinoth/.local/bin:/opt/gradle/gradle-5.4/bin:/usr/local/sbin:/usr/local/bin:/usr/sbin:/usr/bin:/sbin:/bin:/usr/games:/usr/local/games:/snap/bin:/home/vinoth/bin:usr/lib/jvm/java-11-openjdk-amd64/bin:/home/vinoth/.local/share/JetBrains/Toolbox/scripts
USERNAME=vinoth
SHELL=/bin/bash
DISPLAY=:0
LANG=en_US.UTF-8
LC_NUMERIC=en_US.UTF-8
LC_TIME=en_US.UTF-8

Signal Handlers:
SIGSEGV: [libjvm.so+0xeabd80], sa_mask[0]=11111111011111111101111111111110, sa_flags=SA_RESTART|SA_SIGINFO
SIGBUS: [libjvm.so+0xeabd80], sa_mask[0]=11111111011111111101111111111110, sa_flags=SA_RESTART|SA_SIGINFO
SIGFPE: [libjvm.so+0xeabd80], sa_mask[0]=11111111011111111101111111111110, sa_flags=SA_RESTART|SA_SIGINFO
SIGPIPE: [libjvm.so+0xbee610], sa_mask[0]=11111111011111111101111111111110, sa_flags=SA_RESTART|SA_SIGINFO
SIGXFSZ: [libjvm.so+0xbee610], sa_mask[0]=11111111011111111101111111111110, sa_flags=SA_RESTART|SA_SIGINFO
SIGILL: [libjvm.so+0xeabd80], sa_mask[0]=11111111011111111101111111111110, sa_flags=SA_RESTART|SA_SIGINFO
SIGUSR2: [libjvm.so+0xbee4b0], sa_mask[0]=00100000000000000000000000000000, sa_flags=SA_RESTART|SA_SIGINFO
SIGHUP: [libjvm.so+0xbeec50], sa_mask[0]=11111111011111111101111111111110, sa_flags=SA_RESTART|SA_SIGINFO
SIGINT: [libjvm.so+0xbeec50], sa_mask[0]=11111111011111111101111111111110, sa_flags=SA_RESTART|SA_SIGINFO
SIGTERM: [libjvm.so+0xbeec50], sa_mask[0]=11111111011111111101111111111110, sa_flags=SA_RESTART|SA_SIGINFO
SIGQUIT: [libjvm.so+0xbeec50], sa_mask[0]=11111111011111111101111111111110, sa_flags=SA_RESTART|SA_SIGINFO


---------------  S Y S T E M  ---------------

OS:DISTRIB_ID=Ubuntu
DISTRIB_RELEASE=22.04
DISTRIB_CODENAME=jammy
DISTRIB_DESCRIPTION="Ubuntu 22.04.2 LTS"
uname:Linux 5.19.0-41-generic #42~22.04.1-Ubuntu SMP PREEMPT_DYNAMIC Tue Apr 18 17:40:00 UTC 2 x86_64
OS uptime: 29 days 0:19 hours
libc:glibc 2.35 NPTL 2.35 
rlimit (soft/hard): STACK 8192k/infinity , CORE 0k/infinity , NPROC 61704/61704 , NOFILE 1048576/1048576 , AS infinity/infinity , CPU infinity/infinity , DATA infinity/infinity , FSIZE infinity/infinity , MEMLOCK 1984496k/1984496k
load average:3.03 1.84 1.61

/proc/meminfo:
MemTotal:       15875972 kB
MemFree:          190220 kB
MemAvailable:    1285728 kB
Buffers:           83096 kB
Cached:          2311040 kB
SwapCached:        68536 kB
Active:          5861916 kB
Inactive:        8638296 kB
Active(anon):    5228980 kB
Inactive(anon):  8169168 kB
Active(file):     632936 kB
Inactive(file):   469128 kB
Unevictable:      195300 kB
Mlocked:            9364 kB
SwapTotal:       2097148 kB
SwapFree:              0 kB
Zswap:                 0 kB
Zswapped:              0 kB
Dirty:             35884 kB
Writeback:             0 kB
AnonPages:      12233248 kB
Mapped:           703224 kB
Shmem:           1291840 kB
KReclaimable:     357756 kB
Slab:             607388 kB
SReclaimable:     357756 kB
SUnreclaim:       249632 kB
KernelStack:       33552 kB
PageTables:        93672 kB
NFS_Unstable:          0 kB
Bounce:                0 kB
WritebackTmp:          0 kB
CommitLimit:    10035132 kB
Committed_AS:   27746416 kB
VmallocTotal:   34359738367 kB
VmallocUsed:       75388 kB
VmallocChunk:          0 kB
Percpu:             8992 kB
HardwareCorrupted:     0 kB
AnonHugePages:         0 kB
ShmemHugePages:        0 kB
ShmemPmdMapped:        0 kB
FileHugePages:         0 kB
FilePmdMapped:         0 kB
HugePages_Total:       0
HugePages_Free:        0
HugePages_Rsvd:        0
HugePages_Surp:        0
Hugepagesize:       2048 kB
Hugetlb:               0 kB
DirectMap4k:     1796932 kB
DirectMap2M:    14469120 kB
DirectMap1G:           0 kB

/sys/kernel/mm/transparent_hugepage/enabled:
always [madvise] never
/sys/kernel/mm/transparent_hugepage/defrag (defrag/compaction efforts parameter):
always defer defer+madvise [madvise] never

Process Memory:
Virtual Size: 7999000K (peak: 15475492K)
Resident Set Size: 192796K (peak: 201872K) (anon: 148288K, file: 44508K, shmem: 0K)
Swapped out: 0K
C-Heap outstanding allocations: 132989K, retained: 7362K
glibc malloc tunables: (default)

/proc/sys/kernel/threads-max (system-wide limit on the number of threads):
123409
/proc/sys/vm/max_map_count (maximum number of memory map areas a process may have):
65530
/proc/sys/kernel/pid_max (system-wide limit on number of process identifiers):
4194304

container (cgroup) information:
container_type: cgroupv2
cpu_cpuset_cpus: not supported
cpu_memory_nodes: not supported
active_processor_count: 8
cpu_quota: not supported
cpu_period: not supported
cpu_shares: not supported
memory_limit_in_bytes: unlimited
memory_and_swap_limit_in_bytes: unlimited
memory_soft_limit_in_bytes: unlimited
memory_usage_in_bytes: 7614484 k
memory_max_usage_in_bytes: not supported
memory_swap_current_in_bytes: 339216 k
memory_swap_max_limit_in_bytes: unlimited
maximum number of tasks: 18511
current number of tasks: 443

Steal ticks since vm start: 0
Steal ticks percentage since vm start:  0.000

CPU:total 8 (initial active 8) (4 cores per cpu, 2 threads per core) family 6 model 142 stepping 12 microcode 0xf4, cmov, cx8, fxsr, mmx, sse, sse2, sse3, ssse3, sse4.1, sse4.2, popcnt, avx, avx2, aes, clmul, erms, 3dnowpref, lzcnt, ht, tsc, tscinvbit, bmi1, bmi2, adx, fma
CPU Model and flags from /proc/cpuinfo:
model name	: Intel(R) Core(TM) i5-10210U CPU @ 1.60GHz
flags		: fpu vme de pse tsc msr pae mce cx8 apic sep mtrr pge mca cmov pat pse36 clflush dts acpi mmx fxsr sse sse2 ss ht tm pbe syscall nx pdpe1gb rdtscp lm constant_tsc art arch_perfmon pebs bts rep_good nopl xtopology nonstop_tsc cpuid aperfmperf pni pclmulqdq dtes64 monitor ds_cpl vmx est tm2 ssse3 sdbg fma cx16 xtpr pdcm pcid sse4_1 sse4_2 x2apic movbe popcnt tsc_deadline_timer aes xsave avx f16c rdrand lahf_lm abm 3dnowprefetch cpuid_fault epb invpcid_single ssbd ibrs ibpb stibp ibrs_enhanced tpr_shadow vnmi flexpriority ept vpid ept_ad fsgsbase tsc_adjust sgx bmi1 avx2 smep bmi2 erms invpcid mpx rdseed adx smap clflushopt intel_pt xsaveopt xsavec xgetbv1 xsaves dtherm ida arat pln pts hwp hwp_notify hwp_act_window hwp_epp md_clear flush_l1d arch_capabilities
Online cpus:
0-7
Offline cpus:

BIOS frequency limitation:
<Not Available>
Frequency switch latency (ns):
0
Available cpu frequencies:
<Not Available>
Current governor:
powersave
Core performance/turbo boost:
<Not Available>

Memory: 4k page, physical 15875972k(190220k free), swap 2097148k(0k free)

vm_info: OpenJDK 64-Bit Server VM (11.0.19+7-post-Ubuntu-0ubuntu122.04.1) for linux-amd64 JRE (11.0.19+7-post-Ubuntu-0ubuntu122.04.1), built on May 10 2023 00:54:00 by "unknown" with gcc 11.3.0

END.
